[0.207s] DEBUG:colcon:Command line arguments: ['/usr/bin/colcon', 'build']
[0.207s] DEBUG:colcon:Parsed command line arguments: Namespace(log_base=None, log_level=None, verb_name='build', build_base='build', install_base='install', merge_install=False, symlink_install=False, test_result_base=None, continue_on_error=False, executor='parallel', parallel_workers=6, event_handlers=None, ignore_user_meta=False, metas=['./colcon.meta'], base_paths=['.'], packages_ignore=None, packages_ignore_regex=None, paths=None, packages_up_to=None, packages_up_to_regex=None, packages_above=None, packages_above_and_dependencies=None, packages_above_depth=None, packages_select_by_dep=None, packages_skip_by_dep=None, packages_skip_up_to=None, packages_select_build_failed=False, packages_skip_build_finished=False, packages_select_test_failures=False, packages_skip_test_passed=False, packages_select=None, packages_skip=None, packages_select_regex=None, packages_skip_regex=None, packages_start=None, packages_end=None, allow_overriding=[], cmake_args=None, cmake_target=None, cmake_target_skip_unavailable=False, cmake_clean_cache=False, cmake_clean_first=False, cmake_force_configure=False, ament_cmake_args=None, catkin_cmake_args=None, catkin_skip_building_tests=False, mixin_files=None, mixin=None, verb_parser=<colcon_mixin.mixin.mixin_argument.MixinArgumentDecorator object at 0xffff92b79660>, verb_extension=<colcon_core.verb.build.BuildVerb object at 0xffff92d26680>, main=<bound method BuildVerb.main of <colcon_core.verb.build.BuildVerb object at 0xffff92d26680>>, mixin_verb=('build',))
[0.462s] Level 1:colcon.colcon_core.package_discovery:discover_packages(colcon_meta) check parameters
[0.462s] Level 1:colcon.colcon_core.package_discovery:discover_packages(recursive) check parameters
[0.462s] Level 1:colcon.colcon_core.package_discovery:discover_packages(ignore) check parameters
[0.462s] Level 1:colcon.colcon_core.package_discovery:discover_packages(path) check parameters
[0.463s] Level 1:colcon.colcon_core.package_discovery:discover_packages(colcon_meta) discover
[0.463s] Level 1:colcon.colcon_core.package_discovery:discover_packages(recursive) discover
[0.463s] INFO:colcon.colcon_core.package_discovery:Crawling recursively for packages in '/home/robot/gobilda/gobilda_ws'
[0.463s] Level 1:colcon.colcon_core.package_identification:_identify(.) by extensions ['ignore', 'ignore_ament_install']
[0.463s] Level 1:colcon.colcon_core.package_identification:_identify(.) by extension 'ignore'
[0.463s] Level 1:colcon.colcon_core.package_identification:_identify(.) by extension 'ignore_ament_install'
[0.463s] Level 1:colcon.colcon_core.package_identification:_identify(.) by extensions ['colcon_pkg']
[0.464s] Level 1:colcon.colcon_core.package_identification:_identify(.) by extension 'colcon_pkg'
[0.464s] Level 1:colcon.colcon_core.package_identification:_identify(.) by extensions ['colcon_meta']
[0.464s] Level 1:colcon.colcon_core.package_identification:_identify(.) by extension 'colcon_meta'
[0.464s] Level 1:colcon.colcon_core.package_identification:_identify(.) by extensions ['ros']
[0.464s] Level 1:colcon.colcon_core.package_identification:_identify(.) by extension 'ros'
[0.485s] Level 1:colcon.colcon_core.package_identification:_identify(.) by extensions ['cmake', 'python']
[0.486s] Level 1:colcon.colcon_core.package_identification:_identify(.) by extension 'cmake'
[0.486s] Level 1:colcon.colcon_core.package_identification:_identify(.) by extension 'python'
[0.486s] Level 1:colcon.colcon_core.package_identification:_identify(.) by extensions ['python_setup_py']
[0.486s] Level 1:colcon.colcon_core.package_identification:_identify(.) by extension 'python_setup_py'
[0.486s] Level 1:colcon.colcon_core.package_identification:_identify(build) by extensions ['ignore', 'ignore_ament_install']
[0.486s] Level 1:colcon.colcon_core.package_identification:_identify(build) by extension 'ignore'
[0.486s] Level 1:colcon.colcon_core.package_identification:_identify(build) ignored
[0.487s] Level 1:colcon.colcon_core.package_identification:_identify(install) by extensions ['ignore', 'ignore_ament_install']
[0.487s] Level 1:colcon.colcon_core.package_identification:_identify(install) by extension 'ignore'
[0.487s] Level 1:colcon.colcon_core.package_identification:_identify(install) ignored
[0.487s] Level 1:colcon.colcon_core.package_identification:_identify(log) by extensions ['ignore', 'ignore_ament_install']
[0.487s] Level 1:colcon.colcon_core.package_identification:_identify(log) by extension 'ignore'
[0.488s] Level 1:colcon.colcon_core.package_identification:_identify(log) ignored
[0.488s] Level 1:colcon.colcon_core.package_identification:_identify(src) by extensions ['ignore', 'ignore_ament_install']
[0.488s] Level 1:colcon.colcon_core.package_identification:_identify(src) by extension 'ignore'
[0.488s] Level 1:colcon.colcon_core.package_identification:_identify(src) by extension 'ignore_ament_install'
[0.488s] Level 1:colcon.colcon_core.package_identification:_identify(src) by extensions ['colcon_pkg']
[0.488s] Level 1:colcon.colcon_core.package_identification:_identify(src) by extension 'colcon_pkg'
[0.488s] Level 1:colcon.colcon_core.package_identification:_identify(src) by extensions ['colcon_meta']
[0.488s] Level 1:colcon.colcon_core.package_identification:_identify(src) by extension 'colcon_meta'
[0.489s] Level 1:colcon.colcon_core.package_identification:_identify(src) by extensions ['ros']
[0.489s] Level 1:colcon.colcon_core.package_identification:_identify(src) by extension 'ros'
[0.489s] Level 1:colcon.colcon_core.package_identification:_identify(src) by extensions ['cmake', 'python']
[0.489s] Level 1:colcon.colcon_core.package_identification:_identify(src) by extension 'cmake'
[0.489s] Level 1:colcon.colcon_core.package_identification:_identify(src) by extension 'python'
[0.489s] Level 1:colcon.colcon_core.package_identification:_identify(src) by extensions ['python_setup_py']
[0.489s] Level 1:colcon.colcon_core.package_identification:_identify(src) by extension 'python_setup_py'
[0.489s] Level 1:colcon.colcon_core.package_identification:_identify(src/final_project) by extensions ['ignore', 'ignore_ament_install']
[0.489s] Level 1:colcon.colcon_core.package_identification:_identify(src/final_project) by extension 'ignore'
[0.490s] Level 1:colcon.colcon_core.package_identification:_identify(src/final_project) by extension 'ignore_ament_install'
[0.490s] Level 1:colcon.colcon_core.package_identification:_identify(src/final_project) by extensions ['colcon_pkg']
[0.490s] Level 1:colcon.colcon_core.package_identification:_identify(src/final_project) by extension 'colcon_pkg'
[0.490s] Level 1:colcon.colcon_core.package_identification:_identify(src/final_project) by extensions ['colcon_meta']
[0.490s] Level 1:colcon.colcon_core.package_identification:_identify(src/final_project) by extension 'colcon_meta'
[0.490s] Level 1:colcon.colcon_core.package_identification:_identify(src/final_project) by extensions ['ros']
[0.490s] Level 1:colcon.colcon_core.package_identification:_identify(src/final_project) by extension 'ros'
[0.495s] DEBUG:colcon.colcon_core.package_identification:Package 'src/final_project' with type 'ros.ament_python' and name 'final_project'
[0.495s] Level 1:colcon.colcon_core.package_identification:_identify(src/gobilda_robot) by extensions ['ignore', 'ignore_ament_install']
[0.495s] Level 1:colcon.colcon_core.package_identification:_identify(src/gobilda_robot) by extension 'ignore'
[0.495s] Level 1:colcon.colcon_core.package_identification:_identify(src/gobilda_robot) by extension 'ignore_ament_install'
[0.495s] Level 1:colcon.colcon_core.package_identification:_identify(src/gobilda_robot) by extensions ['colcon_pkg']
[0.496s] Level 1:colcon.colcon_core.package_identification:_identify(src/gobilda_robot) by extension 'colcon_pkg'
[0.496s] Level 1:colcon.colcon_core.package_identification:_identify(src/gobilda_robot) by extensions ['colcon_meta']
[0.496s] Level 1:colcon.colcon_core.package_identification:_identify(src/gobilda_robot) by extension 'colcon_meta'
[0.496s] Level 1:colcon.colcon_core.package_identification:_identify(src/gobilda_robot) by extensions ['ros']
[0.496s] Level 1:colcon.colcon_core.package_identification:_identify(src/gobilda_robot) by extension 'ros'
[0.498s] DEBUG:colcon.colcon_core.package_identification:Package 'src/gobilda_robot' with type 'ros.ament_cmake' and name 'gobilda_robot'
[0.498s] Level 1:colcon.colcon_core.package_discovery:discover_packages(recursive) using defaults
[0.498s] Level 1:colcon.colcon_core.package_discovery:discover_packages(ignore) discover
[0.498s] Level 1:colcon.colcon_core.package_discovery:discover_packages(ignore) using defaults
[0.498s] Level 1:colcon.colcon_core.package_discovery:discover_packages(path) discover
[0.498s] Level 1:colcon.colcon_core.package_discovery:discover_packages(path) using defaults
[0.539s] Level 1:colcon.colcon_core.package_discovery:discover_packages(prefix_path) check parameters
[0.539s] Level 1:colcon.colcon_core.package_discovery:discover_packages(prefix_path) discover
[0.541s] Level 1:colcon.colcon_core.package_discovery:discover_packages(prefix_path) using defaults
[0.543s] Level 5:colcon.colcon_core.verb:set package 'final_project' build argument 'cmake_args' from command line to 'None'
[0.543s] Level 5:colcon.colcon_core.verb:set package 'final_project' build argument 'cmake_target' from command line to 'None'
[0.543s] Level 5:colcon.colcon_core.verb:set package 'final_project' build argument 'cmake_target_skip_unavailable' from command line to 'False'
[0.543s] Level 5:colcon.colcon_core.verb:set package 'final_project' build argument 'cmake_clean_cache' from command line to 'False'
[0.543s] Level 5:colcon.colcon_core.verb:set package 'final_project' build argument 'cmake_clean_first' from command line to 'False'
[0.543s] Level 5:colcon.colcon_core.verb:set package 'final_project' build argument 'cmake_force_configure' from command line to 'False'
[0.543s] Level 5:colcon.colcon_core.verb:set package 'final_project' build argument 'ament_cmake_args' from command line to 'None'
[0.543s] Level 5:colcon.colcon_core.verb:set package 'final_project' build argument 'catkin_cmake_args' from command line to 'None'
[0.543s] Level 5:colcon.colcon_core.verb:set package 'final_project' build argument 'catkin_skip_building_tests' from command line to 'False'
[0.544s] DEBUG:colcon.colcon_core.verb:Building package 'final_project' with the following arguments: {'ament_cmake_args': None, 'build_base': '/home/robot/gobilda/gobilda_ws/build/final_project', 'catkin_cmake_args': None, 'catkin_skip_building_tests': False, 'cmake_args': None, 'cmake_clean_cache': False, 'cmake_clean_first': False, 'cmake_force_configure': False, 'cmake_target': None, 'cmake_target_skip_unavailable': False, 'install_base': '/home/robot/gobilda/gobilda_ws/install/final_project', 'merge_install': False, 'path': '/home/robot/gobilda/gobilda_ws/src/final_project', 'symlink_install': False, 'test_result_base': None}
[0.544s] Level 5:colcon.colcon_core.verb:set package 'gobilda_robot' build argument 'cmake_args' from command line to 'None'
[0.544s] Level 5:colcon.colcon_core.verb:set package 'gobilda_robot' build argument 'cmake_target' from command line to 'None'
[0.544s] Level 5:colcon.colcon_core.verb:set package 'gobilda_robot' build argument 'cmake_target_skip_unavailable' from command line to 'False'
[0.544s] Level 5:colcon.colcon_core.verb:set package 'gobilda_robot' build argument 'cmake_clean_cache' from command line to 'False'
[0.544s] Level 5:colcon.colcon_core.verb:set package 'gobilda_robot' build argument 'cmake_clean_first' from command line to 'False'
[0.544s] Level 5:colcon.colcon_core.verb:set package 'gobilda_robot' build argument 'cmake_force_configure' from command line to 'False'
[0.545s] Level 5:colcon.colcon_core.verb:set package 'gobilda_robot' build argument 'ament_cmake_args' from command line to 'None'
[0.545s] Level 5:colcon.colcon_core.verb:set package 'gobilda_robot' build argument 'catkin_cmake_args' from command line to 'None'
[0.545s] Level 5:colcon.colcon_core.verb:set package 'gobilda_robot' build argument 'catkin_skip_building_tests' from command line to 'False'
[0.545s] DEBUG:colcon.colcon_core.verb:Building package 'gobilda_robot' with the following arguments: {'ament_cmake_args': None, 'build_base': '/home/robot/gobilda/gobilda_ws/build/gobilda_robot', 'catkin_cmake_args': None, 'catkin_skip_building_tests': False, 'cmake_args': None, 'cmake_clean_cache': False, 'cmake_clean_first': False, 'cmake_force_configure': False, 'cmake_target': None, 'cmake_target_skip_unavailable': False, 'install_base': '/home/robot/gobilda/gobilda_ws/install/gobilda_robot', 'merge_install': False, 'path': '/home/robot/gobilda/gobilda_ws/src/gobilda_robot', 'symlink_install': False, 'test_result_base': None}
[0.545s] INFO:colcon.colcon_core.executor:Executing jobs using 'parallel' executor
[0.547s] DEBUG:colcon.colcon_parallel_executor.executor.parallel:run_until_complete
[0.548s] INFO:colcon.colcon_ros.task.ament_python.build:Building ROS package in '/home/robot/gobilda/gobilda_ws/src/final_project' with build type 'ament_python'
[0.548s] Level 1:colcon.colcon_core.shell:create_environment_hook('final_project', 'ament_prefix_path')
[0.552s] INFO:colcon.colcon_core.plugin_system:Skipping extension 'colcon_core.shell.bat': Not used on non-Windows systems
[0.552s] INFO:colcon.colcon_core.shell:Creating environment hook '/home/robot/gobilda/gobilda_ws/install/final_project/share/final_project/hook/ament_prefix_path.ps1'
[0.554s] INFO:colcon.colcon_core.shell:Creating environment descriptor '/home/robot/gobilda/gobilda_ws/install/final_project/share/final_project/hook/ament_prefix_path.dsv'
[0.555s] INFO:colcon.colcon_core.shell:Creating environment hook '/home/robot/gobilda/gobilda_ws/install/final_project/share/final_project/hook/ament_prefix_path.sh'
[0.556s] INFO:colcon.colcon_core.shell:Skip shell extension 'powershell' for command environment: Not usable outside of PowerShell
[0.556s] DEBUG:colcon.colcon_core.shell:Skip shell extension 'dsv' for command environment
[0.559s] INFO:colcon.colcon_ros.task.ament_cmake.build:Building ROS package in '/home/robot/gobilda/gobilda_ws/src/gobilda_robot' with build type 'ament_cmake'
[0.559s] INFO:colcon.colcon_cmake.task.cmake.build:Building CMake package in '/home/robot/gobilda/gobilda_ws/src/gobilda_robot'
[0.560s] INFO:colcon.colcon_core.shell:Skip shell extension 'powershell' for command environment: Not usable outside of PowerShell
[0.560s] DEBUG:colcon.colcon_core.shell:Skip shell extension 'dsv' for command environment
[0.988s] INFO:colcon.colcon_core.task.python.build:Building Python package in '/home/robot/gobilda/gobilda_ws/src/final_project'
[0.989s] INFO:colcon.colcon_core.shell:Skip shell extension 'powershell' for command environment: Not usable outside of PowerShell
[0.989s] DEBUG:colcon.colcon_core.shell:Skip shell extension 'dsv' for command environment
[1.006s] DEBUG:colcon.colcon_core.event_handler.log_command:Invoking command in '/home/robot/gobilda/gobilda_ws/build/gobilda_robot': /usr/bin/cmake --build /home/robot/gobilda/gobilda_ws/build/gobilda_robot -- -j6 -l6
[1.660s] DEBUG:colcon.colcon_core.event_handler.log_command:Invoking command in '/home/robot/gobilda/gobilda_ws/src/final_project': PYTHONPATH=/home/robot/gobilda/gobilda_ws/build/final_project/prefix_override:/usr/lib/python3/dist-packages/colcon_core/task/python/colcon_distutils_commands:/home/robot/gobilda/gobilda_ws/install/final_project/lib/python3.10/site-packages: /usr/bin/python3 -W ignore:setup.py install is deprecated setup.py egg_info --egg-base ../../build/final_project build --build-base /home/robot/gobilda/gobilda_ws/build/final_project/build install --record /home/robot/gobilda/gobilda_ws/build/final_project/install.log --single-version-externally-managed install_data
[2.177s] DEBUG:colcon.colcon_core.event_handler.log_command:Invoked command in '/home/robot/gobilda/gobilda_ws/src/final_project' returned '0': PYTHONPATH=/home/robot/gobilda/gobilda_ws/build/final_project/prefix_override:/usr/lib/python3/dist-packages/colcon_core/task/python/colcon_distutils_commands:/home/robot/gobilda/gobilda_ws/install/final_project/lib/python3.10/site-packages: /usr/bin/python3 -W ignore:setup.py install is deprecated setup.py egg_info --egg-base ../../build/final_project build --build-base /home/robot/gobilda/gobilda_ws/build/final_project/build install --record /home/robot/gobilda/gobilda_ws/build/final_project/install.log --single-version-externally-managed install_data
[2.179s] Level 1:colcon.colcon_core.environment:checking '/home/robot/gobilda/gobilda_ws/install/final_project' for CMake module files
[2.180s] Level 1:colcon.colcon_core.environment:checking '/home/robot/gobilda/gobilda_ws/install/final_project' for CMake config files
[2.182s] Level 1:colcon.colcon_core.environment:checking '/home/robot/gobilda/gobilda_ws/install/final_project/lib'
[2.182s] Level 1:colcon.colcon_core.environment:checking '/home/robot/gobilda/gobilda_ws/install/final_project/bin'
[2.182s] Level 1:colcon.colcon_core.environment:checking '/home/robot/gobilda/gobilda_ws/install/final_project/lib/pkgconfig/final_project.pc'
[2.183s] Level 1:colcon.colcon_core.environment:checking '/home/robot/gobilda/gobilda_ws/install/final_project/lib/python3.10/site-packages'
[2.183s] Level 1:colcon.colcon_core.shell:create_environment_hook('final_project', 'pythonpath')
[2.183s] INFO:colcon.colcon_core.shell:Creating environment hook '/home/robot/gobilda/gobilda_ws/install/final_project/share/final_project/hook/pythonpath.ps1'
[2.185s] INFO:colcon.colcon_core.shell:Creating environment descriptor '/home/robot/gobilda/gobilda_ws/install/final_project/share/final_project/hook/pythonpath.dsv'
[2.186s] INFO:colcon.colcon_core.shell:Creating environment hook '/home/robot/gobilda/gobilda_ws/install/final_project/share/final_project/hook/pythonpath.sh'
[2.187s] Level 1:colcon.colcon_core.environment:checking '/home/robot/gobilda/gobilda_ws/install/final_project/bin'
[2.187s] Level 1:colcon.colcon_core.environment:create_environment_scripts_only(final_project)
[2.188s] INFO:colcon.colcon_core.shell:Creating package script '/home/robot/gobilda/gobilda_ws/install/final_project/share/final_project/package.ps1'
[2.190s] INFO:colcon.colcon_core.shell:Creating package descriptor '/home/robot/gobilda/gobilda_ws/install/final_project/share/final_project/package.dsv'
[2.191s] INFO:colcon.colcon_core.shell:Creating package script '/home/robot/gobilda/gobilda_ws/install/final_project/share/final_project/package.sh'
[2.193s] INFO:colcon.colcon_core.shell:Creating package script '/home/robot/gobilda/gobilda_ws/install/final_project/share/final_project/package.bash'
[2.194s] INFO:colcon.colcon_core.shell:Creating package script '/home/robot/gobilda/gobilda_ws/install/final_project/share/final_project/package.zsh'
[2.195s] Level 1:colcon.colcon_core.environment:create_file_with_runtime_dependencies(/home/robot/gobilda/gobilda_ws/install/final_project/share/colcon-core/packages/final_project)
[8.325s] DEBUG:colcon.colcon_core.event_handler.log_command:Invoked command in '/home/robot/gobilda/gobilda_ws/build/gobilda_robot' returned '0': /usr/bin/cmake --build /home/robot/gobilda/gobilda_ws/build/gobilda_robot -- -j6 -l6
[8.392s] DEBUG:colcon.colcon_core.event_handler.log_command:Invoking command in '/home/robot/gobilda/gobilda_ws/build/gobilda_robot': /usr/bin/cmake --install /home/robot/gobilda/gobilda_ws/build/gobilda_robot
[8.421s] Level 1:colcon.colcon_core.environment:create_environment_scripts_only(gobilda_robot)
[8.422s] Level 1:colcon.colcon_core.environment:checking '/home/robot/gobilda/gobilda_ws/install/gobilda_robot' for CMake module files
[8.423s] DEBUG:colcon.colcon_core.event_handler.log_command:Invoked command in '/home/robot/gobilda/gobilda_ws/build/gobilda_robot' returned '0': /usr/bin/cmake --install /home/robot/gobilda/gobilda_ws/build/gobilda_robot
[8.425s] Level 1:colcon.colcon_core.environment:checking '/home/robot/gobilda/gobilda_ws/install/gobilda_robot' for CMake config files
[8.426s] Level 1:colcon.colcon_core.shell:create_environment_hook('gobilda_robot', 'cmake_prefix_path')
[8.426s] INFO:colcon.colcon_core.shell:Creating environment hook '/home/robot/gobilda/gobilda_ws/install/gobilda_robot/share/gobilda_robot/hook/cmake_prefix_path.ps1'
[8.428s] INFO:colcon.colcon_core.shell:Creating environment descriptor '/home/robot/gobilda/gobilda_ws/install/gobilda_robot/share/gobilda_robot/hook/cmake_prefix_path.dsv'
[8.429s] INFO:colcon.colcon_core.shell:Creating environment hook '/home/robot/gobilda/gobilda_ws/install/gobilda_robot/share/gobilda_robot/hook/cmake_prefix_path.sh'
[8.431s] Level 1:colcon.colcon_core.environment:checking '/home/robot/gobilda/gobilda_ws/install/gobilda_robot/lib'
[8.432s] Level 1:colcon.colcon_core.shell:create_environment_hook('gobilda_robot', 'ld_library_path_lib')
[8.432s] INFO:colcon.colcon_core.shell:Creating environment hook '/home/robot/gobilda/gobilda_ws/install/gobilda_robot/share/gobilda_robot/hook/ld_library_path_lib.ps1'
[8.434s] INFO:colcon.colcon_core.shell:Creating environment descriptor '/home/robot/gobilda/gobilda_ws/install/gobilda_robot/share/gobilda_robot/hook/ld_library_path_lib.dsv'
[8.435s] INFO:colcon.colcon_core.shell:Creating environment hook '/home/robot/gobilda/gobilda_ws/install/gobilda_robot/share/gobilda_robot/hook/ld_library_path_lib.sh'
[8.437s] Level 1:colcon.colcon_core.environment:checking '/home/robot/gobilda/gobilda_ws/install/gobilda_robot/bin'
[8.437s] Level 1:colcon.colcon_core.environment:checking '/home/robot/gobilda/gobilda_ws/install/gobilda_robot/lib/pkgconfig/gobilda_robot.pc'
[8.438s] Level 1:colcon.colcon_core.environment:checking '/home/robot/gobilda/gobilda_ws/install/gobilda_robot/lib/python3.10/site-packages'
[8.439s] Level 1:colcon.colcon_core.environment:checking '/home/robot/gobilda/gobilda_ws/install/gobilda_robot/bin'
[8.440s] INFO:colcon.colcon_core.shell:Creating package script '/home/robot/gobilda/gobilda_ws/install/gobilda_robot/share/gobilda_robot/package.ps1'
[8.441s] INFO:colcon.colcon_core.shell:Creating package descriptor '/home/robot/gobilda/gobilda_ws/install/gobilda_robot/share/gobilda_robot/package.dsv'
[8.443s] INFO:colcon.colcon_core.shell:Creating package script '/home/robot/gobilda/gobilda_ws/install/gobilda_robot/share/gobilda_robot/package.sh'
[8.445s] INFO:colcon.colcon_core.shell:Creating package script '/home/robot/gobilda/gobilda_ws/install/gobilda_robot/share/gobilda_robot/package.bash'
[8.446s] INFO:colcon.colcon_core.shell:Creating package script '/home/robot/gobilda/gobilda_ws/install/gobilda_robot/share/gobilda_robot/package.zsh'
[8.447s] Level 1:colcon.colcon_core.environment:create_file_with_runtime_dependencies(/home/robot/gobilda/gobilda_ws/install/gobilda_robot/share/colcon-core/packages/gobilda_robot)
[8.495s] Level 1:colcon.colcon_core.environment:create_environment_scripts_only(gobilda_robot)
[8.495s] Level 1:colcon.colcon_core.environment:checking '/home/robot/gobilda/gobilda_ws/install/gobilda_robot' for CMake module files
[8.497s] Level 1:colcon.colcon_core.environment:checking '/home/robot/gobilda/gobilda_ws/install/gobilda_robot' for CMake config files
[8.498s] Level 1:colcon.colcon_core.shell:create_environment_hook('gobilda_robot', 'cmake_prefix_path')
[8.499s] INFO:colcon.colcon_core.shell:Creating environment hook '/home/robot/gobilda/gobilda_ws/install/gobilda_robot/share/gobilda_robot/hook/cmake_prefix_path.ps1'
[8.501s] INFO:colcon.colcon_core.shell:Creating environment descriptor '/home/robot/gobilda/gobilda_ws/install/gobilda_robot/share/gobilda_robot/hook/cmake_prefix_path.dsv'
[8.502s] INFO:colcon.colcon_core.shell:Creating environment hook '/home/robot/gobilda/gobilda_ws/install/gobilda_robot/share/gobilda_robot/hook/cmake_prefix_path.sh'
[8.504s] Level 1:colcon.colcon_core.environment:checking '/home/robot/gobilda/gobilda_ws/install/gobilda_robot/lib'
[8.504s] Level 1:colcon.colcon_core.shell:create_environment_hook('gobilda_robot', 'ld_library_path_lib')
[8.505s] INFO:colcon.colcon_core.shell:Creating environment hook '/home/robot/gobilda/gobilda_ws/install/gobilda_robot/share/gobilda_robot/hook/ld_library_path_lib.ps1'
[8.506s] INFO:colcon.colcon_core.shell:Creating environment descriptor '/home/robot/gobilda/gobilda_ws/install/gobilda_robot/share/gobilda_robot/hook/ld_library_path_lib.dsv'
[8.507s] INFO:colcon.colcon_core.shell:Creating environment hook '/home/robot/gobilda/gobilda_ws/install/gobilda_robot/share/gobilda_robot/hook/ld_library_path_lib.sh'
[8.509s] Level 1:colcon.colcon_core.environment:checking '/home/robot/gobilda/gobilda_ws/install/gobilda_robot/bin'
[8.509s] Level 1:colcon.colcon_core.environment:checking '/home/robot/gobilda/gobilda_ws/install/gobilda_robot/lib/pkgconfig/gobilda_robot.pc'
[8.510s] Level 1:colcon.colcon_core.environment:checking '/home/robot/gobilda/gobilda_ws/install/gobilda_robot/lib/python3.10/site-packages'
[8.511s] Level 1:colcon.colcon_core.environment:checking '/home/robot/gobilda/gobilda_ws/install/gobilda_robot/bin'
[8.512s] INFO:colcon.colcon_core.shell:Creating package script '/home/robot/gobilda/gobilda_ws/install/gobilda_robot/share/gobilda_robot/package.ps1'
[8.514s] INFO:colcon.colcon_core.shell:Creating package descriptor '/home/robot/gobilda/gobilda_ws/install/gobilda_robot/share/gobilda_robot/package.dsv'
[8.516s] INFO:colcon.colcon_core.shell:Creating package script '/home/robot/gobilda/gobilda_ws/install/gobilda_robot/share/gobilda_robot/package.sh'
[8.518s] INFO:colcon.colcon_core.shell:Creating package script '/home/robot/gobilda/gobilda_ws/install/gobilda_robot/share/gobilda_robot/package.bash'
[8.519s] INFO:colcon.colcon_core.shell:Creating package script '/home/robot/gobilda/gobilda_ws/install/gobilda_robot/share/gobilda_robot/package.zsh'
[8.521s] Level 1:colcon.colcon_core.environment:create_file_with_runtime_dependencies(/home/robot/gobilda/gobilda_ws/install/gobilda_robot/share/colcon-core/packages/gobilda_robot)
[8.522s] DEBUG:colcon.colcon_parallel_executor.executor.parallel:closing loop
[8.523s] DEBUG:colcon.colcon_parallel_executor.executor.parallel:loop closed
[8.523s] DEBUG:colcon.colcon_parallel_executor.executor.parallel:run_until_complete finished with '0'
[8.524s] DEBUG:colcon.colcon_core.event_reactor:joining thread
[8.541s] INFO:colcon.colcon_core.plugin_system:Skipping extension 'colcon_notification.desktop_notification.terminal_notifier': Not used on non-Darwin systems
[8.541s] INFO:colcon.colcon_core.plugin_system:Skipping extension 'colcon_notification.desktop_notification.win32': Not used on non-Windows systems
[8.541s] INFO:colcon.colcon_notification.desktop_notification:Sending desktop notification using 'notify2'
[8.583s] DEBUG:colcon.colcon_core.event_reactor:joined thread
[8.584s] INFO:colcon.colcon_core.shell:Creating prefix script '/home/robot/gobilda/gobilda_ws/install/local_setup.ps1'
[8.588s] INFO:colcon.colcon_core.shell:Creating prefix util module '/home/robot/gobilda/gobilda_ws/install/_local_setup_util_ps1.py'
[8.595s] INFO:colcon.colcon_core.shell:Creating prefix chain script '/home/robot/gobilda/gobilda_ws/install/setup.ps1'
[8.597s] INFO:colcon.colcon_core.shell:Creating prefix script '/home/robot/gobilda/gobilda_ws/install/local_setup.sh'
[8.598s] INFO:colcon.colcon_core.shell:Creating prefix util module '/home/robot/gobilda/gobilda_ws/install/_local_setup_util_sh.py'
[8.601s] INFO:colcon.colcon_core.shell:Creating prefix chain script '/home/robot/gobilda/gobilda_ws/install/setup.sh'
[8.604s] INFO:colcon.colcon_core.shell:Creating prefix script '/home/robot/gobilda/gobilda_ws/install/local_setup.bash'
[8.606s] INFO:colcon.colcon_core.shell:Creating prefix chain script '/home/robot/gobilda/gobilda_ws/install/setup.bash'
[8.609s] INFO:colcon.colcon_core.shell:Creating prefix script '/home/robot/gobilda/gobilda_ws/install/local_setup.zsh'
[8.610s] INFO:colcon.colcon_core.shell:Creating prefix chain script '/home/robot/gobilda/gobilda_ws/install/setup.zsh'
