[1.315s] Invoking command in '/home/robot/gobilda/gobilda_ws/src/final_project': PYTHONPATH=/home/robot/gobilda/gobilda_ws/build/final_project/prefix_override:/usr/lib/python3/dist-packages/colcon_core/task/python/colcon_distutils_commands:/home/robot/gobilda/gobilda_ws/install/final_project/lib/python3.10/site-packages:${PYTHONPATH} /usr/bin/python3 -W ignore:setup.py install is deprecated setup.py egg_info --egg-base ../../build/final_project build --build-base /home/robot/gobilda/gobilda_ws/build/final_project/build install --record /home/robot/gobilda/gobilda_ws/build/final_project/install.log --single-version-externally-managed install_data
[1.806s] running egg_info
[1.807s] creating ../../build/final_project/final_project.egg-info
[1.807s] writing ../../build/final_project/final_project.egg-info/PKG-INFO
[1.808s] writing dependency_links to ../../build/final_project/final_project.egg-info/dependency_links.txt
[1.808s] writing entry points to ../../build/final_project/final_project.egg-info/entry_points.txt
[1.808s] writing requirements to ../../build/final_project/final_project.egg-info/requires.txt
[1.809s] writing top-level names to ../../build/final_project/final_project.egg-info/top_level.txt
[1.809s] writing manifest file '../../build/final_project/final_project.egg-info/SOURCES.txt'
[1.812s] reading manifest file '../../build/final_project/final_project.egg-info/SOURCES.txt'
[1.813s] writing manifest file '../../build/final_project/final_project.egg-info/SOURCES.txt'
[1.813s] running build
[1.813s] running build_py
[1.813s] creating /home/robot/gobilda/gobilda_ws/build/final_project/build
[1.814s] creating /home/robot/gobilda/gobilda_ws/build/final_project/build/lib
[1.814s] creating /home/robot/gobilda/gobilda_ws/build/final_project/build/lib/final_project
[1.814s] copying final_project/__init__.py -> /home/robot/gobilda/gobilda_ws/build/final_project/build/lib/final_project
[1.814s] copying final_project/teleop_twist_keyboard.py -> /home/robot/gobilda/gobilda_ws/build/final_project/build/lib/final_project
[1.815s] running install
[1.815s] running install_lib
[1.817s] creating /home/robot/gobilda/gobilda_ws/install/final_project/lib/python3.10/site-packages/final_project
[1.817s] copying /home/robot/gobilda/gobilda_ws/build/final_project/build/lib/final_project/__init__.py -> /home/robot/gobilda/gobilda_ws/install/final_project/lib/python3.10/site-packages/final_project
[1.817s] copying /home/robot/gobilda/gobilda_ws/build/final_project/build/lib/final_project/teleop_twist_keyboard.py -> /home/robot/gobilda/gobilda_ws/install/final_project/lib/python3.10/site-packages/final_project
[1.818s] byte-compiling /home/robot/gobilda/gobilda_ws/install/final_project/lib/python3.10/site-packages/final_project/__init__.py to __init__.cpython-310.pyc
[1.819s] byte-compiling /home/robot/gobilda/gobilda_ws/install/final_project/lib/python3.10/site-packages/final_project/teleop_twist_keyboard.py to teleop_twist_keyboard.cpython-310.pyc
[1.820s] running install_data
[1.820s] creating /home/robot/gobilda/gobilda_ws/install/final_project/share/ament_index
[1.820s] creating /home/robot/gobilda/gobilda_ws/install/final_project/share/ament_index/resource_index
[1.820s] creating /home/robot/gobilda/gobilda_ws/install/final_project/share/ament_index/resource_index/packages
[1.821s] copying resource/final_project -> /home/robot/gobilda/gobilda_ws/install/final_project/share/ament_index/resource_index/packages
[1.821s] copying package.xml -> /home/robot/gobilda/gobilda_ws/install/final_project/share/final_project
[1.821s] running install_egg_info
[1.825s] Copying ../../build/final_project/final_project.egg-info to /home/robot/gobilda/gobilda_ws/install/final_project/lib/python3.10/site-packages/final_project-0.0.0-py3.10.egg-info
[1.826s] running install_scripts
[1.868s] Installing teleop_gobilda script to /home/robot/gobilda/gobilda_ws/install/final_project/lib/final_project
[1.869s] writing list of installed files to '/home/robot/gobilda/gobilda_ws/build/final_project/install.log'
[1.935s] Invoked command in '/home/robot/gobilda/gobilda_ws/src/final_project' returned '0': PYTHONPATH=/home/robot/gobilda/gobilda_ws/build/final_project/prefix_override:/usr/lib/python3/dist-packages/colcon_core/task/python/colcon_distutils_commands:/home/robot/gobilda/gobilda_ws/install/final_project/lib/python3.10/site-packages:${PYTHONPATH} /usr/bin/python3 -W ignore:setup.py install is deprecated setup.py egg_info --egg-base ../../build/final_project build --build-base /home/robot/gobilda/gobilda_ws/build/final_project/build install --record /home/robot/gobilda/gobilda_ws/build/final_project/install.log --single-version-externally-managed install_data
