[0.448s] Invoking command in '/home/robot/gobilda/gobilda_ws/build/gobilda_robot': /usr/bin/cmake --build /home/robot/gobilda/gobilda_ws/build/gobilda_robot -- -j6 -l6
[0.559s] [100%] Built target gobilda_robot
[0.582s] Invoked command in '/home/robot/gobilda/gobilda_ws/build/gobilda_robot' returned '0': /usr/bin/cmake --build /home/robot/gobilda/gobilda_ws/build/gobilda_robot -- -j6 -l6
[0.644s] Invoking command in '/home/robot/gobilda/gobilda_ws/build/gobilda_robot': /usr/bin/cmake --install /home/robot/gobilda/gobilda_ws/build/gobilda_robot
[0.658s] -- Install configuration: ""
[0.659s] -- Up-to-date: /home/robot/gobilda/gobilda_ws/install/gobilda_robot/share/gobilda_robot/gobilda_robot.xml
[0.659s] -- Up-to-date: /home/robot/gobilda/gobilda_ws/install/gobilda_robot/include/gobilda_robot
[0.659s] -- Up-to-date: /home/robot/gobilda/gobilda_ws/install/gobilda_robot/include/gobilda_robot/gobilda_robot
[0.659s] -- Up-to-date: /home/robot/gobilda/gobilda_ws/install/gobilda_robot/include/gobilda_robot/gobilda_robot/gobilda_system.hpp
[0.659s] -- Up-to-date: /home/robot/gobilda/gobilda_ws/install/gobilda_robot/include/gobilda_robot/gobilda_robot/motor.hpp
[0.659s] -- Up-to-date: /home/robot/gobilda/gobilda_ws/install/gobilda_robot/share/gobilda_robot/ros2_control
[0.660s] -- Up-to-date: /home/robot/gobilda/gobilda_ws/install/gobilda_robot/share/gobilda_robot/ros2_control/gobilda.ros2_control.xacro
[0.660s] -- Up-to-date: /home/robot/gobilda/gobilda_ws/install/gobilda_robot/share/gobilda_robot/urdf
[0.660s] -- Up-to-date: /home/robot/gobilda/gobilda_ws/install/gobilda_robot/share/gobilda_robot/urdf/gobilda.urdf.xacro
[0.660s] -- Installing: /home/robot/gobilda/gobilda_ws/install/gobilda_robot/share/gobilda_robot/urdf/gobilda_description.urdf.xacro
[0.660s] -- Up-to-date: /home/robot/gobilda/gobilda_ws/install/gobilda_robot/share/gobilda_robot/launch
[0.660s] -- Up-to-date: /home/robot/gobilda/gobilda_ws/install/gobilda_robot/share/gobilda_robot/launch/gobilda.launch.py
[0.660s] -- Up-to-date: /home/robot/gobilda/gobilda_ws/install/gobilda_robot/share/gobilda_robot/config
[0.661s] -- Up-to-date: /home/robot/gobilda/gobilda_ws/install/gobilda_robot/share/gobilda_robot/config/gobilda_controllers.yaml
[0.661s] -- Up-to-date: /home/robot/gobilda/gobilda_ws/install/gobilda_robot/lib/libgobilda_robot.so
[0.661s] -- Up-to-date: /home/robot/gobilda/gobilda_ws/install/gobilda_robot/share/gobilda_robot/environment/library_path.sh
[0.661s] -- Up-to-date: /home/robot/gobilda/gobilda_ws/install/gobilda_robot/share/gobilda_robot/environment/library_path.dsv
[0.661s] -- Up-to-date: /home/robot/gobilda/gobilda_ws/install/gobilda_robot/share/ament_index/resource_index/package_run_dependencies/gobilda_robot
[0.661s] -- Up-to-date: /home/robot/gobilda/gobilda_ws/install/gobilda_robot/share/ament_index/resource_index/parent_prefix_path/gobilda_robot
[0.661s] -- Up-to-date: /home/robot/gobilda/gobilda_ws/install/gobilda_robot/share/gobilda_robot/environment/ament_prefix_path.sh
[0.662s] -- Up-to-date: /home/robot/gobilda/gobilda_ws/install/gobilda_robot/share/gobilda_robot/environment/ament_prefix_path.dsv
[0.662s] -- Up-to-date: /home/robot/gobilda/gobilda_ws/install/gobilda_robot/share/gobilda_robot/environment/path.sh
[0.662s] -- Up-to-date: /home/robot/gobilda/gobilda_ws/install/gobilda_robot/share/gobilda_robot/environment/path.dsv
[0.662s] -- Up-to-date: /home/robot/gobilda/gobilda_ws/install/gobilda_robot/share/gobilda_robot/local_setup.bash
[0.662s] -- Up-to-date: /home/robot/gobilda/gobilda_ws/install/gobilda_robot/share/gobilda_robot/local_setup.sh
[0.662s] -- Up-to-date: /home/robot/gobilda/gobilda_ws/install/gobilda_robot/share/gobilda_robot/local_setup.zsh
[0.662s] -- Up-to-date: /home/robot/gobilda/gobilda_ws/install/gobilda_robot/share/gobilda_robot/local_setup.dsv
[0.663s] -- Installing: /home/robot/gobilda/gobilda_ws/install/gobilda_robot/share/gobilda_robot/package.dsv
[0.663s] -- Up-to-date: /home/robot/gobilda/gobilda_ws/install/gobilda_robot/share/ament_index/resource_index/packages/gobilda_robot
[0.663s] -- Up-to-date: /home/robot/gobilda/gobilda_ws/install/gobilda_robot/share/ament_index/resource_index/hardware_interface__pluginlib__plugin/gobilda_robot
[0.663s] -- Up-to-date: /home/robot/gobilda/gobilda_ws/install/gobilda_robot/share/gobilda_robot/cmake/export_gobilda_robotExport.cmake
[0.663s] -- Up-to-date: /home/robot/gobilda/gobilda_ws/install/gobilda_robot/share/gobilda_robot/cmake/export_gobilda_robotExport-noconfig.cmake
[0.663s] -- Up-to-date: /home/robot/gobilda/gobilda_ws/install/gobilda_robot/share/gobilda_robot/cmake/ament_cmake_export_targets-extras.cmake
[0.663s] -- Up-to-date: /home/robot/gobilda/gobilda_ws/install/gobilda_robot/share/gobilda_robot/cmake/ament_cmake_export_dependencies-extras.cmake
[0.663s] -- Up-to-date: /home/robot/gobilda/gobilda_ws/install/gobilda_robot/share/gobilda_robot/cmake/gobilda_robotConfig.cmake
[0.664s] -- Up-to-date: /home/robot/gobilda/gobilda_ws/install/gobilda_robot/share/gobilda_robot/cmake/gobilda_robotConfig-version.cmake
[0.664s] -- Up-to-date: /home/robot/gobilda/gobilda_ws/install/gobilda_robot/share/gobilda_robot/package.xml
[0.666s] Invoked command in '/home/robot/gobilda/gobilda_ws/build/gobilda_robot' returned '0': /usr/bin/cmake --install /home/robot/gobilda/gobilda_ws/build/gobilda_robot
