[1.097s] Invoking command in '/home/robot/gobilda/gobilda_ws/src/final_project': PYTHONPATH=/home/robot/gobilda/gobilda_ws/build/final_project/prefix_override:/usr/lib/python3/dist-packages/colcon_core/task/python/colcon_distutils_commands:/home/robot/gobilda/gobilda_ws/install/final_project/lib/python3.10/site-packages: /usr/bin/python3 -W ignore:setup.py install is deprecated setup.py egg_info --egg-base ../../build/final_project build --build-base /home/robot/gobilda/gobilda_ws/build/final_project/build install --record /home/robot/gobilda/gobilda_ws/build/final_project/install.log --single-version-externally-managed install_data
[1.485s] running egg_info
[1.486s] writing ../../build/final_project/final_project.egg-info/PKG-INFO
[1.487s] writing dependency_links to ../../build/final_project/final_project.egg-info/dependency_links.txt
[1.487s] writing entry points to ../../build/final_project/final_project.egg-info/entry_points.txt
[1.488s] writing requirements to ../../build/final_project/final_project.egg-info/requires.txt
[1.488s] writing top-level names to ../../build/final_project/final_project.egg-info/top_level.txt
[1.491s] reading manifest file '../../build/final_project/final_project.egg-info/SOURCES.txt'
[1.493s] writing manifest file '../../build/final_project/final_project.egg-info/SOURCES.txt'
[1.493s] running build
[1.493s] running build_py
[1.493s] running install
[1.494s] running install_lib
[1.497s] running install_data
[1.497s] running install_egg_info
[1.500s] removing '/home/robot/gobilda/gobilda_ws/install/final_project/lib/python3.10/site-packages/final_project-0.0.0-py3.10.egg-info' (and everything under it)
[1.501s] Copying ../../build/final_project/final_project.egg-info to /home/robot/gobilda/gobilda_ws/install/final_project/lib/python3.10/site-packages/final_project-0.0.0-py3.10.egg-info
[1.503s] running install_scripts
[1.544s] Installing teleop_gobilda script to /home/robot/gobilda/gobilda_ws/install/final_project/lib/final_project
[1.544s] writing list of installed files to '/home/robot/gobilda/gobilda_ws/build/final_project/install.log'
[1.608s] Invoked command in '/home/robot/gobilda/gobilda_ws/src/final_project' returned '0': PYTHONPATH=/home/robot/gobilda/gobilda_ws/build/final_project/prefix_override:/usr/lib/python3/dist-packages/colcon_core/task/python/colcon_distutils_commands:/home/robot/gobilda/gobilda_ws/install/final_project/lib/python3.10/site-packages: /usr/bin/python3 -W ignore:setup.py install is deprecated setup.py egg_info --egg-base ../../build/final_project build --build-base /home/robot/gobilda/gobilda_ws/build/final_project/build install --record /home/robot/gobilda/gobilda_ws/build/final_project/install.log --single-version-externally-managed install_data
