[1.408s] Invoking command in '/home/robot/gobilda/gobilda_ws/src/final_project': PYTHONPATH=/home/robot/gobilda/gobilda_ws/build/final_project/prefix_override:/usr/lib/python3/dist-packages/colcon_core/task/python/colcon_distutils_commands:/home/robot/gobilda/gobilda_ws/install/final_project/lib/python3.10/site-packages:${PYTHONPATH} /usr/bin/python3 -W ignore:setup.py install is deprecated setup.py egg_info --egg-base ../../build/final_project build --build-base /home/robot/gobilda/gobilda_ws/build/final_project/build install --record /home/robot/gobilda/gobilda_ws/build/final_project/install.log --single-version-externally-managed install_data
[1.910s] running egg_info
[1.911s] writing ../../build/final_project/final_project.egg-info/PKG-INFO
[1.912s] writing dependency_links to ../../build/final_project/final_project.egg-info/dependency_links.txt
[1.912s] writing entry points to ../../build/final_project/final_project.egg-info/entry_points.txt
[1.913s] writing requirements to ../../build/final_project/final_project.egg-info/requires.txt
[1.913s] writing top-level names to ../../build/final_project/final_project.egg-info/top_level.txt
[1.917s] reading manifest file '../../build/final_project/final_project.egg-info/SOURCES.txt'
[1.918s] writing manifest file '../../build/final_project/final_project.egg-info/SOURCES.txt'
[1.919s] running build
[1.919s] running build_py
[1.920s] copying final_project/teleop_twist_keyboard.py -> /home/robot/gobilda/gobilda_ws/build/final_project/build/lib/final_project
[1.920s] running install
[1.921s] running install_lib
[1.922s] copying /home/robot/gobilda/gobilda_ws/build/final_project/build/lib/final_project/teleop_twist_keyboard.py -> /home/robot/gobilda/gobilda_ws/install/final_project/lib/python3.10/site-packages/final_project
[1.924s] byte-compiling /home/robot/gobilda/gobilda_ws/install/final_project/lib/python3.10/site-packages/final_project/teleop_twist_keyboard.py to teleop_twist_keyboard.cpython-310.pyc
[1.926s] running install_data
[1.926s] running install_egg_info
[1.930s] removing '/home/robot/gobilda/gobilda_ws/install/final_project/lib/python3.10/site-packages/final_project-0.0.0-py3.10.egg-info' (and everything under it)
[1.931s] Copying ../../build/final_project/final_project.egg-info to /home/robot/gobilda/gobilda_ws/install/final_project/lib/python3.10/site-packages/final_project-0.0.0-py3.10.egg-info
[1.933s] running install_scripts
[1.978s] Installing teleop_gobilda script to /home/robot/gobilda/gobilda_ws/install/final_project/lib/final_project
[1.978s] writing list of installed files to '/home/robot/gobilda/gobilda_ws/build/final_project/install.log'
[2.053s] Invoked command in '/home/robot/gobilda/gobilda_ws/src/final_project' returned '0': PYTHONPATH=/home/robot/gobilda/gobilda_ws/build/final_project/prefix_override:/usr/lib/python3/dist-packages/colcon_core/task/python/colcon_distutils_commands:/home/robot/gobilda/gobilda_ws/install/final_project/lib/python3.10/site-packages:${PYTHONPATH} /usr/bin/python3 -W ignore:setup.py install is deprecated setup.py egg_info --egg-base ../../build/final_project build --build-base /home/robot/gobilda/gobilda_ws/build/final_project/build install --record /home/robot/gobilda/gobilda_ws/build/final_project/install.log --single-version-externally-managed install_data
