[1.116s] Invoking command in '/home/robot/gobilda/gobilda_ws/src/final_project': PYTHONPATH=/home/robot/gobilda/gobilda_ws/build/final_project/prefix_override:/usr/lib/python3/dist-packages/colcon_core/task/python/colcon_distutils_commands:/home/robot/gobilda/gobilda_ws/install/final_project/lib/python3.10/site-packages: /usr/bin/python3 -W ignore:setup.py install is deprecated -W ignore:easy_install command is deprecated setup.py egg_info --egg-base ../../build/final_project build --build-base /home/robot/gobilda/gobilda_ws/build/final_project/build install --record /home/robot/gobilda/gobilda_ws/build/final_project/install.log --single-version-externally-managed install_data
[1.512s] running egg_info
[1.513s] writing ../../build/final_project/final_project.egg-info/PKG-INFO
[1.514s] writing dependency_links to ../../build/final_project/final_project.egg-info/dependency_links.txt
[1.514s] writing entry points to ../../build/final_project/final_project.egg-info/entry_points.txt
[1.514s] writing requirements to ../../build/final_project/final_project.egg-info/requires.txt
[1.514s] writing top-level names to ../../build/final_project/final_project.egg-info/top_level.txt
[1.518s] reading manifest file '../../build/final_project/final_project.egg-info/SOURCES.txt'
[1.519s] writing manifest file '../../build/final_project/final_project.egg-info/SOURCES.txt'
[1.520s] running build
[1.520s] running build_py
[1.520s] running install
[1.521s] running install_lib
[1.523s] running install_data
[1.524s] running install_egg_info
[1.527s] removing '/home/robot/gobilda/gobilda_ws/install/final_project/lib/python3.10/site-packages/final_project-0.0.0-py3.10.egg-info' (and everything under it)
[1.528s] Copying ../../build/final_project/final_project.egg-info to /home/robot/gobilda/gobilda_ws/install/final_project/lib/python3.10/site-packages/final_project-0.0.0-py3.10.egg-info
[1.530s] running install_scripts
[1.569s] Installing draw_square script to /home/robot/gobilda/gobilda_ws/install/final_project/lib/final_project
[1.570s] Installing teleop_gobilda script to /home/robot/gobilda/gobilda_ws/install/final_project/lib/final_project
[1.570s] writing list of installed files to '/home/robot/gobilda/gobilda_ws/build/final_project/install.log'
[1.637s] Invoked command in '/home/robot/gobilda/gobilda_ws/src/final_project' returned '0': PYTHONPATH=/home/robot/gobilda/gobilda_ws/build/final_project/prefix_override:/usr/lib/python3/dist-packages/colcon_core/task/python/colcon_distutils_commands:/home/robot/gobilda/gobilda_ws/install/final_project/lib/python3.10/site-packages: /usr/bin/python3 -W ignore:setup.py install is deprecated -W ignore:easy_install command is deprecated setup.py egg_info --egg-base ../../build/final_project build --build-base /home/robot/gobilda/gobilda_ws/build/final_project/build install --record /home/robot/gobilda/gobilda_ws/build/final_project/install.log --single-version-externally-managed install_data
