[1.099s] Invoking command in '/home/robot/gobilda/gobilda_ws/src/final_project': PYTHONPATH=/home/robot/gobilda/gobilda_ws/build/final_project/prefix_override:/usr/lib/python3/dist-packages/colcon_core/task/python/colcon_distutils_commands:/home/robot/gobilda/gobilda_ws/install/final_project/lib/python3.10/site-packages: /usr/bin/python3 -W ignore:setup.py install is deprecated setup.py egg_info --egg-base ../../build/final_project build --build-base /home/robot/gobilda/gobilda_ws/build/final_project/build install --record /home/robot/gobilda/gobilda_ws/build/final_project/install.log --single-version-externally-managed install_data
[1.482s] running egg_info
[1.482s] writing ../../build/final_project/final_project.egg-info/PKG-INFO
[1.483s] writing dependency_links to ../../build/final_project/final_project.egg-info/dependency_links.txt
[1.483s] writing entry points to ../../build/final_project/final_project.egg-info/entry_points.txt
[1.483s] writing requirements to ../../build/final_project/final_project.egg-info/requires.txt
[1.484s] writing top-level names to ../../build/final_project/final_project.egg-info/top_level.txt
[1.487s] reading manifest file '../../build/final_project/final_project.egg-info/SOURCES.txt'
[1.488s] writing manifest file '../../build/final_project/final_project.egg-info/SOURCES.txt'
[1.488s] running build
[1.489s] running build_py
[1.489s] copying final_project/draw_square.py -> /home/robot/gobilda/gobilda_ws/build/final_project/build/lib/final_project
[1.489s] running install
[1.490s] running install_lib
[1.492s] copying /home/robot/gobilda/gobilda_ws/build/final_project/build/lib/final_project/draw_square.py -> /home/robot/gobilda/gobilda_ws/install/final_project/lib/python3.10/site-packages/final_project
[1.493s] byte-compiling /home/robot/gobilda/gobilda_ws/install/final_project/lib/python3.10/site-packages/final_project/draw_square.py to draw_square.cpython-310.pyc
[1.493s] running install_data
[1.493s]   File "/home/robot/gobilda/gobilda_ws/install/final_project/lib/python3.10/site-packages/final_project/draw_square.py", line 13
[1.494s]     from geometry_msgs.msg TwistStamped
[1.494s]                            ^^^^^^^^^^^^
[1.494s] SyntaxError: invalid syntax
[1.494s] 
[1.494s] running install_egg_info
[1.497s] removing '/home/robot/gobilda/gobilda_ws/install/final_project/lib/python3.10/site-packages/final_project-0.0.0-py3.10.egg-info' (and everything under it)
[1.497s] Copying ../../build/final_project/final_project.egg-info to /home/robot/gobilda/gobilda_ws/install/final_project/lib/python3.10/site-packages/final_project-0.0.0-py3.10.egg-info
[1.499s] running install_scripts
[1.539s] Installing draw_square script to /home/robot/gobilda/gobilda_ws/install/final_project/lib/final_project
[1.539s] Installing teleop_gobilda script to /home/robot/gobilda/gobilda_ws/install/final_project/lib/final_project
[1.540s] writing list of installed files to '/home/robot/gobilda/gobilda_ws/build/final_project/install.log'
[1.602s] Invoked command in '/home/robot/gobilda/gobilda_ws/src/final_project' returned '0': PYTHONPATH=/home/robot/gobilda/gobilda_ws/build/final_project/prefix_override:/usr/lib/python3/dist-packages/colcon_core/task/python/colcon_distutils_commands:/home/robot/gobilda/gobilda_ws/install/final_project/lib/python3.10/site-packages: /usr/bin/python3 -W ignore:setup.py install is deprecated setup.py egg_info --egg-base ../../build/final_project build --build-base /home/robot/gobilda/gobilda_ws/build/final_project/build install --record /home/robot/gobilda/gobilda_ws/build/final_project/install.log --single-version-externally-managed install_data
