[0.239s] DEBUG:colcon:Command line arguments: ['/usr/bin/colcon', 'build']
[0.239s] DEBUG:colcon:Parsed command line arguments: Namespace(log_base=None, log_level=None, verb_name='build', build_base='build', install_base='install', merge_install=False, symlink_install=False, test_result_base=None, continue_on_error=False, executor='parallel', parallel_workers=6, event_handlers=None, ignore_user_meta=False, metas=['./colcon.meta'], base_paths=['.'], packages_ignore=None, packages_ignore_regex=None, paths=None, packages_up_to=None, packages_up_to_regex=None, packages_above=None, packages_above_and_dependencies=None, packages_above_depth=None, packages_select_by_dep=None, packages_skip_by_dep=None, packages_skip_up_to=None, packages_select_build_failed=False, packages_skip_build_finished=False, packages_select_test_failures=False, packages_skip_test_passed=False, packages_select=None, packages_skip=None, packages_select_regex=None, packages_skip_regex=None, packages_start=None, packages_end=None, allow_overriding=[], cmake_args=None, cmake_target=None, cmake_target_skip_unavailable=False, cmake_clean_cache=False, cmake_clean_first=False, cmake_force_configure=False, ament_cmake_args=None, catkin_cmake_args=None, catkin_skip_building_tests=False, mixin_files=None, mixin=None, verb_parser=<colcon_mixin.mixin.mixin_argument.MixinArgumentDecorator object at 0xffffbc00c430>, verb_extension=<colcon_core.verb.build.BuildVerb object at 0xffffbc1b9cc0>, main=<bound method BuildVerb.main of <colcon_core.verb.build.BuildVerb object at 0xffffbc1b9cc0>>, mixin_verb=('build',))
[0.542s] Level 1:colcon.colcon_core.package_discovery:discover_packages(colcon_meta) check parameters
[0.542s] Level 1:colcon.colcon_core.package_discovery:discover_packages(recursive) check parameters
[0.542s] Level 1:colcon.colcon_core.package_discovery:discover_packages(ignore) check parameters
[0.542s] Level 1:colcon.colcon_core.package_discovery:discover_packages(path) check parameters
[0.543s] Level 1:colcon.colcon_core.package_discovery:discover_packages(colcon_meta) discover
[0.543s] Level 1:colcon.colcon_core.package_discovery:discover_packages(recursive) discover
[0.543s] INFO:colcon.colcon_core.package_discovery:Crawling recursively for packages in '/home/robot/gobilda/gobilda_ws'
[0.543s] Level 1:colcon.colcon_core.package_identification:_identify(.) by extensions ['ignore', 'ignore_ament_install']
[0.543s] Level 1:colcon.colcon_core.package_identification:_identify(.) by extension 'ignore'
[0.543s] Level 1:colcon.colcon_core.package_identification:_identify(.) by extension 'ignore_ament_install'
[0.544s] Level 1:colcon.colcon_core.package_identification:_identify(.) by extensions ['colcon_pkg']
[0.544s] Level 1:colcon.colcon_core.package_identification:_identify(.) by extension 'colcon_pkg'
[0.544s] Level 1:colcon.colcon_core.package_identification:_identify(.) by extensions ['colcon_meta']
[0.544s] Level 1:colcon.colcon_core.package_identification:_identify(.) by extension 'colcon_meta'
[0.544s] Level 1:colcon.colcon_core.package_identification:_identify(.) by extensions ['ros']
[0.544s] Level 1:colcon.colcon_core.package_identification:_identify(.) by extension 'ros'
[0.566s] Level 1:colcon.colcon_core.package_identification:_identify(.) by extensions ['cmake', 'python']
[0.567s] Level 1:colcon.colcon_core.package_identification:_identify(.) by extension 'cmake'
[0.567s] Level 1:colcon.colcon_core.package_identification:_identify(.) by extension 'python'
[0.567s] Level 1:colcon.colcon_core.package_identification:_identify(.) by extensions ['python_setup_py']
[0.567s] Level 1:colcon.colcon_core.package_identification:_identify(.) by extension 'python_setup_py'
[0.567s] Level 1:colcon.colcon_core.package_identification:_identify(build) by extensions ['ignore', 'ignore_ament_install']
[0.567s] Level 1:colcon.colcon_core.package_identification:_identify(build) by extension 'ignore'
[0.568s] Level 1:colcon.colcon_core.package_identification:_identify(build) ignored
[0.568s] Level 1:colcon.colcon_core.package_identification:_identify(install) by extensions ['ignore', 'ignore_ament_install']
[0.568s] Level 1:colcon.colcon_core.package_identification:_identify(install) by extension 'ignore'
[0.568s] Level 1:colcon.colcon_core.package_identification:_identify(install) ignored
[0.568s] Level 1:colcon.colcon_core.package_identification:_identify(log) by extensions ['ignore', 'ignore_ament_install']
[0.569s] Level 1:colcon.colcon_core.package_identification:_identify(log) by extension 'ignore'
[0.569s] Level 1:colcon.colcon_core.package_identification:_identify(log) ignored
[0.569s] Level 1:colcon.colcon_core.package_identification:_identify(src) by extensions ['ignore', 'ignore_ament_install']
[0.569s] Level 1:colcon.colcon_core.package_identification:_identify(src) by extension 'ignore'
[0.569s] Level 1:colcon.colcon_core.package_identification:_identify(src) by extension 'ignore_ament_install'
[0.569s] Level 1:colcon.colcon_core.package_identification:_identify(src) by extensions ['colcon_pkg']
[0.569s] Level 1:colcon.colcon_core.package_identification:_identify(src) by extension 'colcon_pkg'
[0.569s] Level 1:colcon.colcon_core.package_identification:_identify(src) by extensions ['colcon_meta']
[0.570s] Level 1:colcon.colcon_core.package_identification:_identify(src) by extension 'colcon_meta'
[0.570s] Level 1:colcon.colcon_core.package_identification:_identify(src) by extensions ['ros']
[0.570s] Level 1:colcon.colcon_core.package_identification:_identify(src) by extension 'ros'
[0.570s] Level 1:colcon.colcon_core.package_identification:_identify(src) by extensions ['cmake', 'python']
[0.570s] Level 1:colcon.colcon_core.package_identification:_identify(src) by extension 'cmake'
[0.570s] Level 1:colcon.colcon_core.package_identification:_identify(src) by extension 'python'
[0.570s] Level 1:colcon.colcon_core.package_identification:_identify(src) by extensions ['python_setup_py']
[0.570s] Level 1:colcon.colcon_core.package_identification:_identify(src) by extension 'python_setup_py'
[0.571s] Level 1:colcon.colcon_core.package_identification:_identify(src/final_project) by extensions ['ignore', 'ignore_ament_install']
[0.571s] Level 1:colcon.colcon_core.package_identification:_identify(src/final_project) by extension 'ignore'
[0.571s] Level 1:colcon.colcon_core.package_identification:_identify(src/final_project) by extension 'ignore_ament_install'
[0.571s] Level 1:colcon.colcon_core.package_identification:_identify(src/final_project) by extensions ['colcon_pkg']
[0.571s] Level 1:colcon.colcon_core.package_identification:_identify(src/final_project) by extension 'colcon_pkg'
[0.571s] Level 1:colcon.colcon_core.package_identification:_identify(src/final_project) by extensions ['colcon_meta']
[0.571s] Level 1:colcon.colcon_core.package_identification:_identify(src/final_project) by extension 'colcon_meta'
[0.571s] Level 1:colcon.colcon_core.package_identification:_identify(src/final_project) by extensions ['ros']
[0.571s] Level 1:colcon.colcon_core.package_identification:_identify(src/final_project) by extension 'ros'
[0.576s] DEBUG:colcon.colcon_core.package_identification:Package 'src/final_project' with type 'ros.ament_python' and name 'final_project'
[0.577s] Level 1:colcon.colcon_core.package_identification:_identify(src/gobilda_robot) by extensions ['ignore', 'ignore_ament_install']
[0.577s] Level 1:colcon.colcon_core.package_identification:_identify(src/gobilda_robot) by extension 'ignore'
[0.577s] Level 1:colcon.colcon_core.package_identification:_identify(src/gobilda_robot) by extension 'ignore_ament_install'
[0.577s] Level 1:colcon.colcon_core.package_identification:_identify(src/gobilda_robot) by extensions ['colcon_pkg']
[0.577s] Level 1:colcon.colcon_core.package_identification:_identify(src/gobilda_robot) by extension 'colcon_pkg'
[0.577s] Level 1:colcon.colcon_core.package_identification:_identify(src/gobilda_robot) by extensions ['colcon_meta']
[0.577s] Level 1:colcon.colcon_core.package_identification:_identify(src/gobilda_robot) by extension 'colcon_meta'
[0.577s] Level 1:colcon.colcon_core.package_identification:_identify(src/gobilda_robot) by extensions ['ros']
[0.578s] Level 1:colcon.colcon_core.package_identification:_identify(src/gobilda_robot) by extension 'ros'
[0.582s] DEBUG:colcon.colcon_core.package_identification:Package 'src/gobilda_robot' with type 'ros.ament_cmake' and name 'gobilda_robot'
[0.582s] Level 1:colcon.colcon_core.package_discovery:discover_packages(recursive) using defaults
[0.582s] Level 1:colcon.colcon_core.package_discovery:discover_packages(ignore) discover
[0.583s] Level 1:colcon.colcon_core.package_discovery:discover_packages(ignore) using defaults
[0.583s] Level 1:colcon.colcon_core.package_discovery:discover_packages(path) discover
[0.583s] Level 1:colcon.colcon_core.package_discovery:discover_packages(path) using defaults
[0.624s] Level 1:colcon.colcon_core.package_discovery:discover_packages(prefix_path) check parameters
[0.624s] Level 1:colcon.colcon_core.package_discovery:discover_packages(prefix_path) discover
[0.627s] Level 1:colcon.colcon_core.package_discovery:discover_packages(prefix_path) using defaults
[0.630s] Level 5:colcon.colcon_core.verb:set package 'final_project' build argument 'cmake_args' from command line to 'None'
[0.630s] Level 5:colcon.colcon_core.verb:set package 'final_project' build argument 'cmake_target' from command line to 'None'
[0.630s] Level 5:colcon.colcon_core.verb:set package 'final_project' build argument 'cmake_target_skip_unavailable' from command line to 'False'
[0.630s] Level 5:colcon.colcon_core.verb:set package 'final_project' build argument 'cmake_clean_cache' from command line to 'False'
[0.630s] Level 5:colcon.colcon_core.verb:set package 'final_project' build argument 'cmake_clean_first' from command line to 'False'
[0.630s] Level 5:colcon.colcon_core.verb:set package 'final_project' build argument 'cmake_force_configure' from command line to 'False'
[0.630s] Level 5:colcon.colcon_core.verb:set package 'final_project' build argument 'ament_cmake_args' from command line to 'None'
[0.630s] Level 5:colcon.colcon_core.verb:set package 'final_project' build argument 'catkin_cmake_args' from command line to 'None'
[0.630s] Level 5:colcon.colcon_core.verb:set package 'final_project' build argument 'catkin_skip_building_tests' from command line to 'False'
[0.630s] DEBUG:colcon.colcon_core.verb:Building package 'final_project' with the following arguments: {'ament_cmake_args': None, 'build_base': '/home/robot/gobilda/gobilda_ws/build/final_project', 'catkin_cmake_args': None, 'catkin_skip_building_tests': False, 'cmake_args': None, 'cmake_clean_cache': False, 'cmake_clean_first': False, 'cmake_force_configure': False, 'cmake_target': None, 'cmake_target_skip_unavailable': False, 'install_base': '/home/robot/gobilda/gobilda_ws/install/final_project', 'merge_install': False, 'path': '/home/robot/gobilda/gobilda_ws/src/final_project', 'symlink_install': False, 'test_result_base': None}
[0.631s] Level 5:colcon.colcon_core.verb:set package 'gobilda_robot' build argument 'cmake_args' from command line to 'None'
[0.631s] Level 5:colcon.colcon_core.verb:set package 'gobilda_robot' build argument 'cmake_target' from command line to 'None'
[0.631s] Level 5:colcon.colcon_core.verb:set package 'gobilda_robot' build argument 'cmake_target_skip_unavailable' from command line to 'False'
[0.631s] Level 5:colcon.colcon_core.verb:set package 'gobilda_robot' build argument 'cmake_clean_cache' from command line to 'False'
[0.631s] Level 5:colcon.colcon_core.verb:set package 'gobilda_robot' build argument 'cmake_clean_first' from command line to 'False'
[0.631s] Level 5:colcon.colcon_core.verb:set package 'gobilda_robot' build argument 'cmake_force_configure' from command line to 'False'
[0.631s] Level 5:colcon.colcon_core.verb:set package 'gobilda_robot' build argument 'ament_cmake_args' from command line to 'None'
[0.631s] Level 5:colcon.colcon_core.verb:set package 'gobilda_robot' build argument 'catkin_cmake_args' from command line to 'None'
[0.631s] Level 5:colcon.colcon_core.verb:set package 'gobilda_robot' build argument 'catkin_skip_building_tests' from command line to 'False'
[0.631s] DEBUG:colcon.colcon_core.verb:Building package 'gobilda_robot' with the following arguments: {'ament_cmake_args': None, 'build_base': '/home/robot/gobilda/gobilda_ws/build/gobilda_robot', 'catkin_cmake_args': None, 'catkin_skip_building_tests': False, 'cmake_args': None, 'cmake_clean_cache': False, 'cmake_clean_first': False, 'cmake_force_configure': False, 'cmake_target': None, 'cmake_target_skip_unavailable': False, 'install_base': '/home/robot/gobilda/gobilda_ws/install/gobilda_robot', 'merge_install': False, 'path': '/home/robot/gobilda/gobilda_ws/src/gobilda_robot', 'symlink_install': False, 'test_result_base': None}
[0.632s] INFO:colcon.colcon_core.executor:Executing jobs using 'parallel' executor
[0.634s] DEBUG:colcon.colcon_parallel_executor.executor.parallel:run_until_complete
[0.634s] INFO:colcon.colcon_ros.task.ament_python.build:Building ROS package in '/home/robot/gobilda/gobilda_ws/src/final_project' with build type 'ament_python'
[0.635s] Level 1:colcon.colcon_core.shell:create_environment_hook('final_project', 'ament_prefix_path')
[0.640s] INFO:colcon.colcon_core.plugin_system:Skipping extension 'colcon_core.shell.bat': Not used on non-Windows systems
[0.641s] INFO:colcon.colcon_core.shell:Creating environment hook '/home/robot/gobilda/gobilda_ws/install/final_project/share/final_project/hook/ament_prefix_path.ps1'
[0.642s] INFO:colcon.colcon_core.shell:Creating environment descriptor '/home/robot/gobilda/gobilda_ws/install/final_project/share/final_project/hook/ament_prefix_path.dsv'
[0.643s] INFO:colcon.colcon_core.shell:Creating environment hook '/home/robot/gobilda/gobilda_ws/install/final_project/share/final_project/hook/ament_prefix_path.sh'
[0.645s] INFO:colcon.colcon_core.shell:Skip shell extension 'powershell' for command environment: Not usable outside of PowerShell
[0.645s] DEBUG:colcon.colcon_core.shell:Skip shell extension 'dsv' for command environment
[0.648s] INFO:colcon.colcon_ros.task.ament_cmake.build:Building ROS package in '/home/robot/gobilda/gobilda_ws/src/gobilda_robot' with build type 'ament_cmake'
[0.648s] INFO:colcon.colcon_cmake.task.cmake.build:Building CMake package in '/home/robot/gobilda/gobilda_ws/src/gobilda_robot'
[0.649s] INFO:colcon.colcon_core.shell:Skip shell extension 'powershell' for command environment: Not usable outside of PowerShell
[0.649s] DEBUG:colcon.colcon_core.shell:Skip shell extension 'dsv' for command environment
[1.082s] INFO:colcon.colcon_core.task.python.build:Building Python package in '/home/robot/gobilda/gobilda_ws/src/final_project'
[1.083s] INFO:colcon.colcon_core.shell:Skip shell extension 'powershell' for command environment: Not usable outside of PowerShell
[1.083s] DEBUG:colcon.colcon_core.shell:Skip shell extension 'dsv' for command environment
[1.098s] DEBUG:colcon.colcon_core.event_handler.log_command:Invoking command in '/home/robot/gobilda/gobilda_ws/build/gobilda_robot': /usr/bin/cmake --build /home/robot/gobilda/gobilda_ws/build/gobilda_robot -- -j6 -l6
[1.312s] DEBUG:colcon.colcon_core.event_handler.log_command:Invoked command in '/home/robot/gobilda/gobilda_ws/build/gobilda_robot' returned '0': /usr/bin/cmake --build /home/robot/gobilda/gobilda_ws/build/gobilda_robot -- -j6 -l6
[1.377s] DEBUG:colcon.colcon_core.event_handler.log_command:Invoking command in '/home/robot/gobilda/gobilda_ws/build/gobilda_robot': /usr/bin/cmake --install /home/robot/gobilda/gobilda_ws/build/gobilda_robot
[1.405s] Level 1:colcon.colcon_core.environment:create_environment_scripts_only(gobilda_robot)
[1.407s] DEBUG:colcon.colcon_core.event_handler.log_command:Invoked command in '/home/robot/gobilda/gobilda_ws/build/gobilda_robot' returned '0': /usr/bin/cmake --install /home/robot/gobilda/gobilda_ws/build/gobilda_robot
[1.415s] Level 1:colcon.colcon_core.environment:checking '/home/robot/gobilda/gobilda_ws/install/gobilda_robot' for CMake module files
[1.417s] Level 1:colcon.colcon_core.environment:checking '/home/robot/gobilda/gobilda_ws/install/gobilda_robot' for CMake config files
[1.417s] Level 1:colcon.colcon_core.shell:create_environment_hook('gobilda_robot', 'cmake_prefix_path')
[1.418s] INFO:colcon.colcon_core.shell:Creating environment hook '/home/robot/gobilda/gobilda_ws/install/gobilda_robot/share/gobilda_robot/hook/cmake_prefix_path.ps1'
[1.420s] INFO:colcon.colcon_core.shell:Creating environment descriptor '/home/robot/gobilda/gobilda_ws/install/gobilda_robot/share/gobilda_robot/hook/cmake_prefix_path.dsv'
[1.420s] INFO:colcon.colcon_core.shell:Creating environment hook '/home/robot/gobilda/gobilda_ws/install/gobilda_robot/share/gobilda_robot/hook/cmake_prefix_path.sh'
[1.422s] Level 1:colcon.colcon_core.environment:checking '/home/robot/gobilda/gobilda_ws/install/gobilda_robot/lib'
[1.422s] Level 1:colcon.colcon_core.shell:create_environment_hook('gobilda_robot', 'ld_library_path_lib')
[1.423s] INFO:colcon.colcon_core.shell:Creating environment hook '/home/robot/gobilda/gobilda_ws/install/gobilda_robot/share/gobilda_robot/hook/ld_library_path_lib.ps1'
[1.423s] INFO:colcon.colcon_core.shell:Creating environment descriptor '/home/robot/gobilda/gobilda_ws/install/gobilda_robot/share/gobilda_robot/hook/ld_library_path_lib.dsv'
[1.424s] INFO:colcon.colcon_core.shell:Creating environment hook '/home/robot/gobilda/gobilda_ws/install/gobilda_robot/share/gobilda_robot/hook/ld_library_path_lib.sh'
[1.426s] Level 1:colcon.colcon_core.environment:checking '/home/robot/gobilda/gobilda_ws/install/gobilda_robot/bin'
[1.426s] Level 1:colcon.colcon_core.environment:checking '/home/robot/gobilda/gobilda_ws/install/gobilda_robot/lib/pkgconfig/gobilda_robot.pc'
[1.426s] Level 1:colcon.colcon_core.environment:checking '/home/robot/gobilda/gobilda_ws/install/gobilda_robot/lib/python3.10/site-packages'
[1.427s] Level 1:colcon.colcon_core.environment:checking '/home/robot/gobilda/gobilda_ws/install/gobilda_robot/bin'
[1.428s] INFO:colcon.colcon_core.shell:Creating package script '/home/robot/gobilda/gobilda_ws/install/gobilda_robot/share/gobilda_robot/package.ps1'
[1.431s] INFO:colcon.colcon_core.shell:Creating package descriptor '/home/robot/gobilda/gobilda_ws/install/gobilda_robot/share/gobilda_robot/package.dsv'
[1.434s] INFO:colcon.colcon_core.shell:Creating package script '/home/robot/gobilda/gobilda_ws/install/gobilda_robot/share/gobilda_robot/package.sh'
[1.437s] INFO:colcon.colcon_core.shell:Creating package script '/home/robot/gobilda/gobilda_ws/install/gobilda_robot/share/gobilda_robot/package.bash'
[1.440s] INFO:colcon.colcon_core.shell:Creating package script '/home/robot/gobilda/gobilda_ws/install/gobilda_robot/share/gobilda_robot/package.zsh'
[1.443s] Level 1:colcon.colcon_core.environment:create_file_with_runtime_dependencies(/home/robot/gobilda/gobilda_ws/install/gobilda_robot/share/colcon-core/packages/gobilda_robot)
[1.489s] Level 1:colcon.colcon_core.environment:create_environment_scripts_only(gobilda_robot)
[1.490s] Level 1:colcon.colcon_core.environment:checking '/home/robot/gobilda/gobilda_ws/install/gobilda_robot' for CMake module files
[1.491s] Level 1:colcon.colcon_core.environment:checking '/home/robot/gobilda/gobilda_ws/install/gobilda_robot' for CMake config files
[1.492s] Level 1:colcon.colcon_core.shell:create_environment_hook('gobilda_robot', 'cmake_prefix_path')
[1.493s] INFO:colcon.colcon_core.shell:Creating environment hook '/home/robot/gobilda/gobilda_ws/install/gobilda_robot/share/gobilda_robot/hook/cmake_prefix_path.ps1'
[1.494s] INFO:colcon.colcon_core.shell:Creating environment descriptor '/home/robot/gobilda/gobilda_ws/install/gobilda_robot/share/gobilda_robot/hook/cmake_prefix_path.dsv'
[1.496s] INFO:colcon.colcon_core.shell:Creating environment hook '/home/robot/gobilda/gobilda_ws/install/gobilda_robot/share/gobilda_robot/hook/cmake_prefix_path.sh'
[1.498s] Level 1:colcon.colcon_core.environment:checking '/home/robot/gobilda/gobilda_ws/install/gobilda_robot/lib'
[1.498s] Level 1:colcon.colcon_core.shell:create_environment_hook('gobilda_robot', 'ld_library_path_lib')
[1.499s] INFO:colcon.colcon_core.shell:Creating environment hook '/home/robot/gobilda/gobilda_ws/install/gobilda_robot/share/gobilda_robot/hook/ld_library_path_lib.ps1'
[1.501s] INFO:colcon.colcon_core.shell:Creating environment descriptor '/home/robot/gobilda/gobilda_ws/install/gobilda_robot/share/gobilda_robot/hook/ld_library_path_lib.dsv'
[1.502s] INFO:colcon.colcon_core.shell:Creating environment hook '/home/robot/gobilda/gobilda_ws/install/gobilda_robot/share/gobilda_robot/hook/ld_library_path_lib.sh'
[1.503s] Level 1:colcon.colcon_core.environment:checking '/home/robot/gobilda/gobilda_ws/install/gobilda_robot/bin'
[1.503s] Level 1:colcon.colcon_core.environment:checking '/home/robot/gobilda/gobilda_ws/install/gobilda_robot/lib/pkgconfig/gobilda_robot.pc'
[1.504s] Level 1:colcon.colcon_core.environment:checking '/home/robot/gobilda/gobilda_ws/install/gobilda_robot/lib/python3.10/site-packages'
[1.505s] Level 1:colcon.colcon_core.environment:checking '/home/robot/gobilda/gobilda_ws/install/gobilda_robot/bin'
[1.506s] INFO:colcon.colcon_core.shell:Creating package script '/home/robot/gobilda/gobilda_ws/install/gobilda_robot/share/gobilda_robot/package.ps1'
[1.508s] INFO:colcon.colcon_core.shell:Creating package descriptor '/home/robot/gobilda/gobilda_ws/install/gobilda_robot/share/gobilda_robot/package.dsv'
[1.510s] INFO:colcon.colcon_core.shell:Creating package script '/home/robot/gobilda/gobilda_ws/install/gobilda_robot/share/gobilda_robot/package.sh'
[1.512s] INFO:colcon.colcon_core.shell:Creating package script '/home/robot/gobilda/gobilda_ws/install/gobilda_robot/share/gobilda_robot/package.bash'
[1.513s] INFO:colcon.colcon_core.shell:Creating package script '/home/robot/gobilda/gobilda_ws/install/gobilda_robot/share/gobilda_robot/package.zsh'
[1.515s] Level 1:colcon.colcon_core.environment:create_file_with_runtime_dependencies(/home/robot/gobilda/gobilda_ws/install/gobilda_robot/share/colcon-core/packages/gobilda_robot)
[1.847s] DEBUG:colcon.colcon_core.event_handler.log_command:Invoking command in '/home/robot/gobilda/gobilda_ws/src/final_project': PYTHONPATH=/home/robot/gobilda/gobilda_ws/build/final_project/prefix_override:/usr/lib/python3/dist-packages/colcon_core/task/python/colcon_distutils_commands:/home/robot/gobilda/gobilda_ws/install/final_project/lib/python3.10/site-packages: /usr/bin/python3 -W ignore:setup.py install is deprecated -W ignore:easy_install command is deprecated setup.py egg_info --egg-base ../../build/final_project build --build-base /home/robot/gobilda/gobilda_ws/build/final_project/build install --record /home/robot/gobilda/gobilda_ws/build/final_project/install.log --single-version-externally-managed install_data
[2.354s] Level 1:colcon.colcon_core.environment:checking '/home/robot/gobilda/gobilda_ws/install/final_project' for CMake module files
[2.355s] DEBUG:colcon.colcon_core.event_handler.log_command:Invoked command in '/home/robot/gobilda/gobilda_ws/src/final_project' returned '0': PYTHONPATH=/home/robot/gobilda/gobilda_ws/build/final_project/prefix_override:/usr/lib/python3/dist-packages/colcon_core/task/python/colcon_distutils_commands:/home/robot/gobilda/gobilda_ws/install/final_project/lib/python3.10/site-packages: /usr/bin/python3 -W ignore:setup.py install is deprecated -W ignore:easy_install command is deprecated setup.py egg_info --egg-base ../../build/final_project build --build-base /home/robot/gobilda/gobilda_ws/build/final_project/build install --record /home/robot/gobilda/gobilda_ws/build/final_project/install.log --single-version-externally-managed install_data
[2.357s] Level 1:colcon.colcon_core.environment:checking '/home/robot/gobilda/gobilda_ws/install/final_project' for CMake config files
[2.359s] Level 1:colcon.colcon_core.environment:checking '/home/robot/gobilda/gobilda_ws/install/final_project/lib'
[2.359s] Level 1:colcon.colcon_core.environment:checking '/home/robot/gobilda/gobilda_ws/install/final_project/bin'
[2.359s] Level 1:colcon.colcon_core.environment:checking '/home/robot/gobilda/gobilda_ws/install/final_project/lib/pkgconfig/final_project.pc'
[2.360s] Level 1:colcon.colcon_core.environment:checking '/home/robot/gobilda/gobilda_ws/install/final_project/lib/python3.10/site-packages'
[2.360s] Level 1:colcon.colcon_core.shell:create_environment_hook('final_project', 'pythonpath')
[2.361s] INFO:colcon.colcon_core.shell:Creating environment hook '/home/robot/gobilda/gobilda_ws/install/final_project/share/final_project/hook/pythonpath.ps1'
[2.363s] INFO:colcon.colcon_core.shell:Creating environment descriptor '/home/robot/gobilda/gobilda_ws/install/final_project/share/final_project/hook/pythonpath.dsv'
[2.364s] INFO:colcon.colcon_core.shell:Creating environment hook '/home/robot/gobilda/gobilda_ws/install/final_project/share/final_project/hook/pythonpath.sh'
[2.366s] Level 1:colcon.colcon_core.environment:checking '/home/robot/gobilda/gobilda_ws/install/final_project/bin'
[2.366s] Level 1:colcon.colcon_core.environment:create_environment_scripts_only(final_project)
[2.368s] INFO:colcon.colcon_core.shell:Creating package script '/home/robot/gobilda/gobilda_ws/install/final_project/share/final_project/package.ps1'
[2.369s] INFO:colcon.colcon_core.shell:Creating package descriptor '/home/robot/gobilda/gobilda_ws/install/final_project/share/final_project/package.dsv'
[2.371s] INFO:colcon.colcon_core.shell:Creating package script '/home/robot/gobilda/gobilda_ws/install/final_project/share/final_project/package.sh'
[2.373s] INFO:colcon.colcon_core.shell:Creating package script '/home/robot/gobilda/gobilda_ws/install/final_project/share/final_project/package.bash'
[2.374s] INFO:colcon.colcon_core.shell:Creating package script '/home/robot/gobilda/gobilda_ws/install/final_project/share/final_project/package.zsh'
[2.375s] Level 1:colcon.colcon_core.environment:create_file_with_runtime_dependencies(/home/robot/gobilda/gobilda_ws/install/final_project/share/colcon-core/packages/final_project)
[2.376s] DEBUG:colcon.colcon_parallel_executor.executor.parallel:closing loop
[2.377s] DEBUG:colcon.colcon_parallel_executor.executor.parallel:loop closed
[2.377s] DEBUG:colcon.colcon_parallel_executor.executor.parallel:run_until_complete finished with '0'
[2.378s] DEBUG:colcon.colcon_core.event_reactor:joining thread
[2.399s] INFO:colcon.colcon_core.plugin_system:Skipping extension 'colcon_notification.desktop_notification.terminal_notifier': Not used on non-Darwin systems
[2.399s] INFO:colcon.colcon_core.plugin_system:Skipping extension 'colcon_notification.desktop_notification.win32': Not used on non-Windows systems
[2.399s] INFO:colcon.colcon_notification.desktop_notification:Sending desktop notification using 'notify2'
[2.445s] DEBUG:colcon.colcon_core.event_reactor:joined thread
[2.446s] INFO:colcon.colcon_core.shell:Creating prefix script '/home/robot/gobilda/gobilda_ws/install/local_setup.ps1'
[2.450s] INFO:colcon.colcon_core.shell:Creating prefix util module '/home/robot/gobilda/gobilda_ws/install/_local_setup_util_ps1.py'
[2.456s] INFO:colcon.colcon_core.shell:Creating prefix chain script '/home/robot/gobilda/gobilda_ws/install/setup.ps1'
[2.459s] INFO:colcon.colcon_core.shell:Creating prefix script '/home/robot/gobilda/gobilda_ws/install/local_setup.sh'
[2.461s] INFO:colcon.colcon_core.shell:Creating prefix util module '/home/robot/gobilda/gobilda_ws/install/_local_setup_util_sh.py'
[2.463s] INFO:colcon.colcon_core.shell:Creating prefix chain script '/home/robot/gobilda/gobilda_ws/install/setup.sh'
[2.501s] INFO:colcon.colcon_core.shell:Creating prefix script '/home/robot/gobilda/gobilda_ws/install/local_setup.bash'
[2.504s] INFO:colcon.colcon_core.shell:Creating prefix chain script '/home/robot/gobilda/gobilda_ws/install/setup.bash'
[2.507s] INFO:colcon.colcon_core.shell:Creating prefix script '/home/robot/gobilda/gobilda_ws/install/local_setup.zsh'
[2.509s] INFO:colcon.colcon_core.shell:Creating prefix chain script '/home/robot/gobilda/gobilda_ws/install/setup.zsh'
