[0.208s] DEBUG:colcon:Command line arguments: ['/usr/bin/colcon', 'build']
[0.209s] DEBUG:colcon:Parsed command line arguments: Namespace(log_base=None, log_level=None, verb_name='build', build_base='build', install_base='install', merge_install=False, symlink_install=False, test_result_base=None, continue_on_error=False, executor='parallel', parallel_workers=6, event_handlers=None, ignore_user_meta=False, metas=['./colcon.meta'], base_paths=['.'], packages_ignore=None, packages_ignore_regex=None, paths=None, packages_up_to=None, packages_up_to_regex=None, packages_above=None, packages_above_and_dependencies=None, packages_above_depth=None, packages_select_by_dep=None, packages_skip_by_dep=None, packages_skip_up_to=None, packages_select_build_failed=False, packages_skip_build_finished=False, packages_select_test_failures=False, packages_skip_test_passed=False, packages_select=None, packages_skip=None, packages_select_regex=None, packages_skip_regex=None, packages_start=None, packages_end=None, allow_overriding=[], cmake_args=None, cmake_target=None, cmake_target_skip_unavailable=False, cmake_clean_cache=False, cmake_clean_first=False, cmake_force_configure=False, ament_cmake_args=None, catkin_cmake_args=None, catkin_skip_building_tests=False, mixin_files=None, mixin=None, verb_parser=<colcon_mixin.mixin.mixin_argument.MixinArgumentDecorator object at 0xffffaa0d5660>, verb_extension=<colcon_core.verb.build.BuildVerb object at 0xffffaa44e680>, main=<bound method BuildVerb.main of <colcon_core.verb.build.BuildVerb object at 0xffffaa44e680>>, mixin_verb=('build',))
[0.466s] Level 1:colcon.colcon_core.package_discovery:discover_packages(colcon_meta) check parameters
[0.466s] Level 1:colcon.colcon_core.package_discovery:discover_packages(recursive) check parameters
[0.467s] Level 1:colcon.colcon_core.package_discovery:discover_packages(ignore) check parameters
[0.467s] Level 1:colcon.colcon_core.package_discovery:discover_packages(path) check parameters
[0.467s] Level 1:colcon.colcon_core.package_discovery:discover_packages(colcon_meta) discover
[0.467s] Level 1:colcon.colcon_core.package_discovery:discover_packages(recursive) discover
[0.467s] INFO:colcon.colcon_core.package_discovery:Crawling recursively for packages in '/home/robot/gobilda/gobilda_ws'
[0.467s] Level 1:colcon.colcon_core.package_identification:_identify(.) by extensions ['ignore', 'ignore_ament_install']
[0.467s] Level 1:colcon.colcon_core.package_identification:_identify(.) by extension 'ignore'
[0.468s] Level 1:colcon.colcon_core.package_identification:_identify(.) by extension 'ignore_ament_install'
[0.468s] Level 1:colcon.colcon_core.package_identification:_identify(.) by extensions ['colcon_pkg']
[0.468s] Level 1:colcon.colcon_core.package_identification:_identify(.) by extension 'colcon_pkg'
[0.468s] Level 1:colcon.colcon_core.package_identification:_identify(.) by extensions ['colcon_meta']
[0.468s] Level 1:colcon.colcon_core.package_identification:_identify(.) by extension 'colcon_meta'
[0.468s] Level 1:colcon.colcon_core.package_identification:_identify(.) by extensions ['ros']
[0.468s] Level 1:colcon.colcon_core.package_identification:_identify(.) by extension 'ros'
[0.490s] Level 1:colcon.colcon_core.package_identification:_identify(.) by extensions ['cmake', 'python']
[0.490s] Level 1:colcon.colcon_core.package_identification:_identify(.) by extension 'cmake'
[0.490s] Level 1:colcon.colcon_core.package_identification:_identify(.) by extension 'python'
[0.490s] Level 1:colcon.colcon_core.package_identification:_identify(.) by extensions ['python_setup_py']
[0.490s] Level 1:colcon.colcon_core.package_identification:_identify(.) by extension 'python_setup_py'
[0.491s] Level 1:colcon.colcon_core.package_identification:_identify(build) by extensions ['ignore', 'ignore_ament_install']
[0.491s] Level 1:colcon.colcon_core.package_identification:_identify(build) by extension 'ignore'
[0.491s] Level 1:colcon.colcon_core.package_identification:_identify(build) ignored
[0.491s] Level 1:colcon.colcon_core.package_identification:_identify(install) by extensions ['ignore', 'ignore_ament_install']
[0.491s] Level 1:colcon.colcon_core.package_identification:_identify(install) by extension 'ignore'
[0.491s] Level 1:colcon.colcon_core.package_identification:_identify(install) ignored
[0.492s] Level 1:colcon.colcon_core.package_identification:_identify(log) by extensions ['ignore', 'ignore_ament_install']
[0.492s] Level 1:colcon.colcon_core.package_identification:_identify(log) by extension 'ignore'
[0.492s] Level 1:colcon.colcon_core.package_identification:_identify(log) ignored
[0.492s] Level 1:colcon.colcon_core.package_identification:_identify(src) by extensions ['ignore', 'ignore_ament_install']
[0.492s] Level 1:colcon.colcon_core.package_identification:_identify(src) by extension 'ignore'
[0.492s] Level 1:colcon.colcon_core.package_identification:_identify(src) by extension 'ignore_ament_install'
[0.493s] Level 1:colcon.colcon_core.package_identification:_identify(src) by extensions ['colcon_pkg']
[0.493s] Level 1:colcon.colcon_core.package_identification:_identify(src) by extension 'colcon_pkg'
[0.493s] Level 1:colcon.colcon_core.package_identification:_identify(src) by extensions ['colcon_meta']
[0.493s] Level 1:colcon.colcon_core.package_identification:_identify(src) by extension 'colcon_meta'
[0.493s] Level 1:colcon.colcon_core.package_identification:_identify(src) by extensions ['ros']
[0.493s] Level 1:colcon.colcon_core.package_identification:_identify(src) by extension 'ros'
[0.493s] Level 1:colcon.colcon_core.package_identification:_identify(src) by extensions ['cmake', 'python']
[0.493s] Level 1:colcon.colcon_core.package_identification:_identify(src) by extension 'cmake'
[0.493s] Level 1:colcon.colcon_core.package_identification:_identify(src) by extension 'python'
[0.493s] Level 1:colcon.colcon_core.package_identification:_identify(src) by extensions ['python_setup_py']
[0.493s] Level 1:colcon.colcon_core.package_identification:_identify(src) by extension 'python_setup_py'
[0.494s] Level 1:colcon.colcon_core.package_identification:_identify(src/final_project) by extensions ['ignore', 'ignore_ament_install']
[0.494s] Level 1:colcon.colcon_core.package_identification:_identify(src/final_project) by extension 'ignore'
[0.494s] Level 1:colcon.colcon_core.package_identification:_identify(src/final_project) by extension 'ignore_ament_install'
[0.494s] Level 1:colcon.colcon_core.package_identification:_identify(src/final_project) by extensions ['colcon_pkg']
[0.494s] Level 1:colcon.colcon_core.package_identification:_identify(src/final_project) by extension 'colcon_pkg'
[0.494s] Level 1:colcon.colcon_core.package_identification:_identify(src/final_project) by extensions ['colcon_meta']
[0.494s] Level 1:colcon.colcon_core.package_identification:_identify(src/final_project) by extension 'colcon_meta'
[0.494s] Level 1:colcon.colcon_core.package_identification:_identify(src/final_project) by extensions ['ros']
[0.494s] Level 1:colcon.colcon_core.package_identification:_identify(src/final_project) by extension 'ros'
[0.499s] DEBUG:colcon.colcon_core.package_identification:Package 'src/final_project' with type 'ros.ament_python' and name 'final_project'
[0.500s] Level 1:colcon.colcon_core.package_identification:_identify(src/gobilda_robot) by extensions ['ignore', 'ignore_ament_install']
[0.500s] Level 1:colcon.colcon_core.package_identification:_identify(src/gobilda_robot) by extension 'ignore'
[0.500s] Level 1:colcon.colcon_core.package_identification:_identify(src/gobilda_robot) by extension 'ignore_ament_install'
[0.500s] Level 1:colcon.colcon_core.package_identification:_identify(src/gobilda_robot) by extensions ['colcon_pkg']
[0.500s] Level 1:colcon.colcon_core.package_identification:_identify(src/gobilda_robot) by extension 'colcon_pkg'
[0.500s] Level 1:colcon.colcon_core.package_identification:_identify(src/gobilda_robot) by extensions ['colcon_meta']
[0.500s] Level 1:colcon.colcon_core.package_identification:_identify(src/gobilda_robot) by extension 'colcon_meta'
[0.500s] Level 1:colcon.colcon_core.package_identification:_identify(src/gobilda_robot) by extensions ['ros']
[0.500s] Level 1:colcon.colcon_core.package_identification:_identify(src/gobilda_robot) by extension 'ros'
[0.502s] DEBUG:colcon.colcon_core.package_identification:Package 'src/gobilda_robot' with type 'ros.ament_cmake' and name 'gobilda_robot'
[0.502s] Level 1:colcon.colcon_core.package_discovery:discover_packages(recursive) using defaults
[0.503s] Level 1:colcon.colcon_core.package_discovery:discover_packages(ignore) discover
[0.503s] Level 1:colcon.colcon_core.package_discovery:discover_packages(ignore) using defaults
[0.503s] Level 1:colcon.colcon_core.package_discovery:discover_packages(path) discover
[0.503s] Level 1:colcon.colcon_core.package_discovery:discover_packages(path) using defaults
[0.544s] Level 1:colcon.colcon_core.package_discovery:discover_packages(prefix_path) check parameters
[0.544s] Level 1:colcon.colcon_core.package_discovery:discover_packages(prefix_path) discover
[0.546s] Level 1:colcon.colcon_core.package_discovery:discover_packages(prefix_path) using defaults
[0.548s] Level 5:colcon.colcon_core.verb:set package 'final_project' build argument 'cmake_args' from command line to 'None'
[0.548s] Level 5:colcon.colcon_core.verb:set package 'final_project' build argument 'cmake_target' from command line to 'None'
[0.548s] Level 5:colcon.colcon_core.verb:set package 'final_project' build argument 'cmake_target_skip_unavailable' from command line to 'False'
[0.548s] Level 5:colcon.colcon_core.verb:set package 'final_project' build argument 'cmake_clean_cache' from command line to 'False'
[0.548s] Level 5:colcon.colcon_core.verb:set package 'final_project' build argument 'cmake_clean_first' from command line to 'False'
[0.548s] Level 5:colcon.colcon_core.verb:set package 'final_project' build argument 'cmake_force_configure' from command line to 'False'
[0.548s] Level 5:colcon.colcon_core.verb:set package 'final_project' build argument 'ament_cmake_args' from command line to 'None'
[0.548s] Level 5:colcon.colcon_core.verb:set package 'final_project' build argument 'catkin_cmake_args' from command line to 'None'
[0.548s] Level 5:colcon.colcon_core.verb:set package 'final_project' build argument 'catkin_skip_building_tests' from command line to 'False'
[0.548s] DEBUG:colcon.colcon_core.verb:Building package 'final_project' with the following arguments: {'ament_cmake_args': None, 'build_base': '/home/robot/gobilda/gobilda_ws/build/final_project', 'catkin_cmake_args': None, 'catkin_skip_building_tests': False, 'cmake_args': None, 'cmake_clean_cache': False, 'cmake_clean_first': False, 'cmake_force_configure': False, 'cmake_target': None, 'cmake_target_skip_unavailable': False, 'install_base': '/home/robot/gobilda/gobilda_ws/install/final_project', 'merge_install': False, 'path': '/home/robot/gobilda/gobilda_ws/src/final_project', 'symlink_install': False, 'test_result_base': None}
[0.549s] Level 5:colcon.colcon_core.verb:set package 'gobilda_robot' build argument 'cmake_args' from command line to 'None'
[0.549s] Level 5:colcon.colcon_core.verb:set package 'gobilda_robot' build argument 'cmake_target' from command line to 'None'
[0.549s] Level 5:colcon.colcon_core.verb:set package 'gobilda_robot' build argument 'cmake_target_skip_unavailable' from command line to 'False'
[0.549s] Level 5:colcon.colcon_core.verb:set package 'gobilda_robot' build argument 'cmake_clean_cache' from command line to 'False'
[0.549s] Level 5:colcon.colcon_core.verb:set package 'gobilda_robot' build argument 'cmake_clean_first' from command line to 'False'
[0.549s] Level 5:colcon.colcon_core.verb:set package 'gobilda_robot' build argument 'cmake_force_configure' from command line to 'False'
[0.549s] Level 5:colcon.colcon_core.verb:set package 'gobilda_robot' build argument 'ament_cmake_args' from command line to 'None'
[0.549s] Level 5:colcon.colcon_core.verb:set package 'gobilda_robot' build argument 'catkin_cmake_args' from command line to 'None'
[0.549s] Level 5:colcon.colcon_core.verb:set package 'gobilda_robot' build argument 'catkin_skip_building_tests' from command line to 'False'
[0.549s] DEBUG:colcon.colcon_core.verb:Building package 'gobilda_robot' with the following arguments: {'ament_cmake_args': None, 'build_base': '/home/robot/gobilda/gobilda_ws/build/gobilda_robot', 'catkin_cmake_args': None, 'catkin_skip_building_tests': False, 'cmake_args': None, 'cmake_clean_cache': False, 'cmake_clean_first': False, 'cmake_force_configure': False, 'cmake_target': None, 'cmake_target_skip_unavailable': False, 'install_base': '/home/robot/gobilda/gobilda_ws/install/gobilda_robot', 'merge_install': False, 'path': '/home/robot/gobilda/gobilda_ws/src/gobilda_robot', 'symlink_install': False, 'test_result_base': None}
[0.550s] INFO:colcon.colcon_core.executor:Executing jobs using 'parallel' executor
[0.552s] DEBUG:colcon.colcon_parallel_executor.executor.parallel:run_until_complete
[0.553s] INFO:colcon.colcon_ros.task.ament_python.build:Building ROS package in '/home/robot/gobilda/gobilda_ws/src/final_project' with build type 'ament_python'
[0.553s] Level 1:colcon.colcon_core.shell:create_environment_hook('final_project', 'ament_prefix_path')
[0.557s] INFO:colcon.colcon_core.plugin_system:Skipping extension 'colcon_core.shell.bat': Not used on non-Windows systems
[0.557s] INFO:colcon.colcon_core.shell:Creating environment hook '/home/robot/gobilda/gobilda_ws/install/final_project/share/final_project/hook/ament_prefix_path.ps1'
[0.559s] INFO:colcon.colcon_core.shell:Creating environment descriptor '/home/robot/gobilda/gobilda_ws/install/final_project/share/final_project/hook/ament_prefix_path.dsv'
[0.559s] INFO:colcon.colcon_core.shell:Creating environment hook '/home/robot/gobilda/gobilda_ws/install/final_project/share/final_project/hook/ament_prefix_path.sh'
[0.561s] INFO:colcon.colcon_core.shell:Skip shell extension 'powershell' for command environment: Not usable outside of PowerShell
[0.561s] DEBUG:colcon.colcon_core.shell:Skip shell extension 'dsv' for command environment
[0.563s] INFO:colcon.colcon_ros.task.ament_cmake.build:Building ROS package in '/home/robot/gobilda/gobilda_ws/src/gobilda_robot' with build type 'ament_cmake'
[0.564s] INFO:colcon.colcon_cmake.task.cmake.build:Building CMake package in '/home/robot/gobilda/gobilda_ws/src/gobilda_robot'
[0.564s] INFO:colcon.colcon_core.shell:Skip shell extension 'powershell' for command environment: Not usable outside of PowerShell
[0.564s] DEBUG:colcon.colcon_core.shell:Skip shell extension 'dsv' for command environment
[0.991s] INFO:colcon.colcon_core.task.python.build:Building Python package in '/home/robot/gobilda/gobilda_ws/src/final_project'
[0.992s] INFO:colcon.colcon_core.shell:Skip shell extension 'powershell' for command environment: Not usable outside of PowerShell
[0.992s] DEBUG:colcon.colcon_core.shell:Skip shell extension 'dsv' for command environment
[1.004s] DEBUG:colcon.colcon_core.event_handler.log_command:Invoking command in '/home/robot/gobilda/gobilda_ws/build/gobilda_robot': /usr/bin/cmake --build /home/robot/gobilda/gobilda_ws/build/gobilda_robot -- -j6 -l6
[1.659s] DEBUG:colcon.colcon_core.event_handler.log_command:Invoking command in '/home/robot/gobilda/gobilda_ws/src/final_project': PYTHONPATH=/home/robot/gobilda/gobilda_ws/build/final_project/prefix_override:/usr/lib/python3/dist-packages/colcon_core/task/python/colcon_distutils_commands:/home/robot/gobilda/gobilda_ws/install/final_project/lib/python3.10/site-packages: /usr/bin/python3 -W ignore:setup.py install is deprecated setup.py egg_info --egg-base ../../build/final_project build --build-base /home/robot/gobilda/gobilda_ws/build/final_project/build install --record /home/robot/gobilda/gobilda_ws/build/final_project/install.log --single-version-externally-managed install_data
[2.167s] DEBUG:colcon.colcon_core.event_handler.log_command:Invoked command in '/home/robot/gobilda/gobilda_ws/src/final_project' returned '0': PYTHONPATH=/home/robot/gobilda/gobilda_ws/build/final_project/prefix_override:/usr/lib/python3/dist-packages/colcon_core/task/python/colcon_distutils_commands:/home/robot/gobilda/gobilda_ws/install/final_project/lib/python3.10/site-packages: /usr/bin/python3 -W ignore:setup.py install is deprecated setup.py egg_info --egg-base ../../build/final_project build --build-base /home/robot/gobilda/gobilda_ws/build/final_project/build install --record /home/robot/gobilda/gobilda_ws/build/final_project/install.log --single-version-externally-managed install_data
[2.172s] Level 1:colcon.colcon_core.environment:checking '/home/robot/gobilda/gobilda_ws/install/final_project' for CMake module files
[2.173s] Level 1:colcon.colcon_core.environment:checking '/home/robot/gobilda/gobilda_ws/install/final_project' for CMake config files
[2.175s] Level 1:colcon.colcon_core.environment:checking '/home/robot/gobilda/gobilda_ws/install/final_project/lib'
[2.175s] Level 1:colcon.colcon_core.environment:checking '/home/robot/gobilda/gobilda_ws/install/final_project/bin'
[2.175s] Level 1:colcon.colcon_core.environment:checking '/home/robot/gobilda/gobilda_ws/install/final_project/lib/pkgconfig/final_project.pc'
[2.176s] Level 1:colcon.colcon_core.environment:checking '/home/robot/gobilda/gobilda_ws/install/final_project/lib/python3.10/site-packages'
[2.176s] Level 1:colcon.colcon_core.shell:create_environment_hook('final_project', 'pythonpath')
[2.176s] INFO:colcon.colcon_core.shell:Creating environment hook '/home/robot/gobilda/gobilda_ws/install/final_project/share/final_project/hook/pythonpath.ps1'
[2.178s] INFO:colcon.colcon_core.shell:Creating environment descriptor '/home/robot/gobilda/gobilda_ws/install/final_project/share/final_project/hook/pythonpath.dsv'
[2.178s] INFO:colcon.colcon_core.shell:Creating environment hook '/home/robot/gobilda/gobilda_ws/install/final_project/share/final_project/hook/pythonpath.sh'
[2.180s] Level 1:colcon.colcon_core.environment:checking '/home/robot/gobilda/gobilda_ws/install/final_project/bin'
[2.180s] Level 1:colcon.colcon_core.environment:create_environment_scripts_only(final_project)
[2.180s] INFO:colcon.colcon_core.shell:Creating package script '/home/robot/gobilda/gobilda_ws/install/final_project/share/final_project/package.ps1'
[2.182s] INFO:colcon.colcon_core.shell:Creating package descriptor '/home/robot/gobilda/gobilda_ws/install/final_project/share/final_project/package.dsv'
[2.183s] INFO:colcon.colcon_core.shell:Creating package script '/home/robot/gobilda/gobilda_ws/install/final_project/share/final_project/package.sh'
[2.185s] INFO:colcon.colcon_core.shell:Creating package script '/home/robot/gobilda/gobilda_ws/install/final_project/share/final_project/package.bash'
[2.187s] INFO:colcon.colcon_core.shell:Creating package script '/home/robot/gobilda/gobilda_ws/install/final_project/share/final_project/package.zsh'
[2.188s] Level 1:colcon.colcon_core.environment:create_file_with_runtime_dependencies(/home/robot/gobilda/gobilda_ws/install/final_project/share/colcon-core/packages/final_project)
[8.359s] DEBUG:colcon.colcon_core.event_handler.log_command:Invoked command in '/home/robot/gobilda/gobilda_ws/build/gobilda_robot' returned '0': /usr/bin/cmake --build /home/robot/gobilda/gobilda_ws/build/gobilda_robot -- -j6 -l6
[8.426s] DEBUG:colcon.colcon_core.event_handler.log_command:Invoking command in '/home/robot/gobilda/gobilda_ws/build/gobilda_robot': /usr/bin/cmake --install /home/robot/gobilda/gobilda_ws/build/gobilda_robot
[8.453s] Level 1:colcon.colcon_core.environment:create_environment_scripts_only(gobilda_robot)
[8.454s] Level 1:colcon.colcon_core.environment:checking '/home/robot/gobilda/gobilda_ws/install/gobilda_robot' for CMake module files
[8.455s] DEBUG:colcon.colcon_core.event_handler.log_command:Invoked command in '/home/robot/gobilda/gobilda_ws/build/gobilda_robot' returned '0': /usr/bin/cmake --install /home/robot/gobilda/gobilda_ws/build/gobilda_robot
[8.457s] Level 1:colcon.colcon_core.environment:checking '/home/robot/gobilda/gobilda_ws/install/gobilda_robot' for CMake config files
[8.457s] Level 1:colcon.colcon_core.shell:create_environment_hook('gobilda_robot', 'cmake_prefix_path')
[8.458s] INFO:colcon.colcon_core.shell:Creating environment hook '/home/robot/gobilda/gobilda_ws/install/gobilda_robot/share/gobilda_robot/hook/cmake_prefix_path.ps1'
[8.460s] INFO:colcon.colcon_core.shell:Creating environment descriptor '/home/robot/gobilda/gobilda_ws/install/gobilda_robot/share/gobilda_robot/hook/cmake_prefix_path.dsv'
[8.461s] INFO:colcon.colcon_core.shell:Creating environment hook '/home/robot/gobilda/gobilda_ws/install/gobilda_robot/share/gobilda_robot/hook/cmake_prefix_path.sh'
[8.463s] Level 1:colcon.colcon_core.environment:checking '/home/robot/gobilda/gobilda_ws/install/gobilda_robot/lib'
[8.464s] Level 1:colcon.colcon_core.shell:create_environment_hook('gobilda_robot', 'ld_library_path_lib')
[8.464s] INFO:colcon.colcon_core.shell:Creating environment hook '/home/robot/gobilda/gobilda_ws/install/gobilda_robot/share/gobilda_robot/hook/ld_library_path_lib.ps1'
[8.466s] INFO:colcon.colcon_core.shell:Creating environment descriptor '/home/robot/gobilda/gobilda_ws/install/gobilda_robot/share/gobilda_robot/hook/ld_library_path_lib.dsv'
[8.467s] INFO:colcon.colcon_core.shell:Creating environment hook '/home/robot/gobilda/gobilda_ws/install/gobilda_robot/share/gobilda_robot/hook/ld_library_path_lib.sh'
[8.469s] Level 1:colcon.colcon_core.environment:checking '/home/robot/gobilda/gobilda_ws/install/gobilda_robot/bin'
[8.469s] Level 1:colcon.colcon_core.environment:checking '/home/robot/gobilda/gobilda_ws/install/gobilda_robot/lib/pkgconfig/gobilda_robot.pc'
[8.470s] Level 1:colcon.colcon_core.environment:checking '/home/robot/gobilda/gobilda_ws/install/gobilda_robot/lib/python3.10/site-packages'
[8.471s] Level 1:colcon.colcon_core.environment:checking '/home/robot/gobilda/gobilda_ws/install/gobilda_robot/bin'
[8.472s] INFO:colcon.colcon_core.shell:Creating package script '/home/robot/gobilda/gobilda_ws/install/gobilda_robot/share/gobilda_robot/package.ps1'
[8.474s] INFO:colcon.colcon_core.shell:Creating package descriptor '/home/robot/gobilda/gobilda_ws/install/gobilda_robot/share/gobilda_robot/package.dsv'
[8.475s] INFO:colcon.colcon_core.shell:Creating package script '/home/robot/gobilda/gobilda_ws/install/gobilda_robot/share/gobilda_robot/package.sh'
[8.477s] INFO:colcon.colcon_core.shell:Creating package script '/home/robot/gobilda/gobilda_ws/install/gobilda_robot/share/gobilda_robot/package.bash'
[8.478s] INFO:colcon.colcon_core.shell:Creating package script '/home/robot/gobilda/gobilda_ws/install/gobilda_robot/share/gobilda_robot/package.zsh'
[8.480s] Level 1:colcon.colcon_core.environment:create_file_with_runtime_dependencies(/home/robot/gobilda/gobilda_ws/install/gobilda_robot/share/colcon-core/packages/gobilda_robot)
[8.531s] Level 1:colcon.colcon_core.environment:create_environment_scripts_only(gobilda_robot)
[8.532s] Level 1:colcon.colcon_core.environment:checking '/home/robot/gobilda/gobilda_ws/install/gobilda_robot' for CMake module files
[8.533s] Level 1:colcon.colcon_core.environment:checking '/home/robot/gobilda/gobilda_ws/install/gobilda_robot' for CMake config files
[8.534s] Level 1:colcon.colcon_core.shell:create_environment_hook('gobilda_robot', 'cmake_prefix_path')
[8.534s] INFO:colcon.colcon_core.shell:Creating environment hook '/home/robot/gobilda/gobilda_ws/install/gobilda_robot/share/gobilda_robot/hook/cmake_prefix_path.ps1'
[8.536s] INFO:colcon.colcon_core.shell:Creating environment descriptor '/home/robot/gobilda/gobilda_ws/install/gobilda_robot/share/gobilda_robot/hook/cmake_prefix_path.dsv'
[8.537s] INFO:colcon.colcon_core.shell:Creating environment hook '/home/robot/gobilda/gobilda_ws/install/gobilda_robot/share/gobilda_robot/hook/cmake_prefix_path.sh'
[8.539s] Level 1:colcon.colcon_core.environment:checking '/home/robot/gobilda/gobilda_ws/install/gobilda_robot/lib'
[8.540s] Level 1:colcon.colcon_core.shell:create_environment_hook('gobilda_robot', 'ld_library_path_lib')
[8.541s] INFO:colcon.colcon_core.shell:Creating environment hook '/home/robot/gobilda/gobilda_ws/install/gobilda_robot/share/gobilda_robot/hook/ld_library_path_lib.ps1'
[8.542s] INFO:colcon.colcon_core.shell:Creating environment descriptor '/home/robot/gobilda/gobilda_ws/install/gobilda_robot/share/gobilda_robot/hook/ld_library_path_lib.dsv'
[8.543s] INFO:colcon.colcon_core.shell:Creating environment hook '/home/robot/gobilda/gobilda_ws/install/gobilda_robot/share/gobilda_robot/hook/ld_library_path_lib.sh'
[8.545s] Level 1:colcon.colcon_core.environment:checking '/home/robot/gobilda/gobilda_ws/install/gobilda_robot/bin'
[8.545s] Level 1:colcon.colcon_core.environment:checking '/home/robot/gobilda/gobilda_ws/install/gobilda_robot/lib/pkgconfig/gobilda_robot.pc'
[8.546s] Level 1:colcon.colcon_core.environment:checking '/home/robot/gobilda/gobilda_ws/install/gobilda_robot/lib/python3.10/site-packages'
[8.547s] Level 1:colcon.colcon_core.environment:checking '/home/robot/gobilda/gobilda_ws/install/gobilda_robot/bin'
[8.548s] INFO:colcon.colcon_core.shell:Creating package script '/home/robot/gobilda/gobilda_ws/install/gobilda_robot/share/gobilda_robot/package.ps1'
[8.550s] INFO:colcon.colcon_core.shell:Creating package descriptor '/home/robot/gobilda/gobilda_ws/install/gobilda_robot/share/gobilda_robot/package.dsv'
[8.552s] INFO:colcon.colcon_core.shell:Creating package script '/home/robot/gobilda/gobilda_ws/install/gobilda_robot/share/gobilda_robot/package.sh'
[8.553s] INFO:colcon.colcon_core.shell:Creating package script '/home/robot/gobilda/gobilda_ws/install/gobilda_robot/share/gobilda_robot/package.bash'
[8.555s] INFO:colcon.colcon_core.shell:Creating package script '/home/robot/gobilda/gobilda_ws/install/gobilda_robot/share/gobilda_robot/package.zsh'
[8.556s] Level 1:colcon.colcon_core.environment:create_file_with_runtime_dependencies(/home/robot/gobilda/gobilda_ws/install/gobilda_robot/share/colcon-core/packages/gobilda_robot)
[8.557s] DEBUG:colcon.colcon_parallel_executor.executor.parallel:closing loop
[8.558s] DEBUG:colcon.colcon_parallel_executor.executor.parallel:loop closed
[8.559s] DEBUG:colcon.colcon_parallel_executor.executor.parallel:run_until_complete finished with '0'
[8.559s] DEBUG:colcon.colcon_core.event_reactor:joining thread
[8.576s] INFO:colcon.colcon_core.plugin_system:Skipping extension 'colcon_notification.desktop_notification.terminal_notifier': Not used on non-Darwin systems
[8.577s] INFO:colcon.colcon_core.plugin_system:Skipping extension 'colcon_notification.desktop_notification.win32': Not used on non-Windows systems
[8.577s] INFO:colcon.colcon_notification.desktop_notification:Sending desktop notification using 'notify2'
[8.619s] DEBUG:colcon.colcon_core.event_reactor:joined thread
[8.620s] INFO:colcon.colcon_core.shell:Creating prefix script '/home/robot/gobilda/gobilda_ws/install/local_setup.ps1'
[8.624s] INFO:colcon.colcon_core.shell:Creating prefix util module '/home/robot/gobilda/gobilda_ws/install/_local_setup_util_ps1.py'
[8.631s] INFO:colcon.colcon_core.shell:Creating prefix chain script '/home/robot/gobilda/gobilda_ws/install/setup.ps1'
[8.633s] INFO:colcon.colcon_core.shell:Creating prefix script '/home/robot/gobilda/gobilda_ws/install/local_setup.sh'
[8.635s] INFO:colcon.colcon_core.shell:Creating prefix util module '/home/robot/gobilda/gobilda_ws/install/_local_setup_util_sh.py'
[8.637s] INFO:colcon.colcon_core.shell:Creating prefix chain script '/home/robot/gobilda/gobilda_ws/install/setup.sh'
[8.641s] INFO:colcon.colcon_core.shell:Creating prefix script '/home/robot/gobilda/gobilda_ws/install/local_setup.bash'
[8.643s] INFO:colcon.colcon_core.shell:Creating prefix chain script '/home/robot/gobilda/gobilda_ws/install/setup.bash'
[8.645s] INFO:colcon.colcon_core.shell:Creating prefix script '/home/robot/gobilda/gobilda_ws/install/local_setup.zsh'
[8.647s] INFO:colcon.colcon_core.shell:Creating prefix chain script '/home/robot/gobilda/gobilda_ws/install/setup.zsh'
