[0.442s] Invoking command in '/home/robot/gobilda/gobilda_ws/build/gobilda_robot': /usr/bin/cmake --build /home/robot/gobilda/gobilda_ws/build/gobilda_robot -- -j6 -l6
[0.559s] [ 33%] [32mBuilding CXX object CMakeFiles/gobilda_robot.dir/hardware/src/motor.cpp.o[0m
[7.534s] [ 66%] [32m[1mLinking CXX shared library libgobilda_robot.so[0m
[7.904s] [100%] Built target gobilda_robot
[7.930s] Invoked command in '/home/robot/gobilda/gobilda_ws/build/gobilda_robot' returned '0': /usr/bin/cmake --build /home/robot/gobilda/gobilda_ws/build/gobilda_robot -- -j6 -l6
[7.996s] Invoking command in '/home/robot/gobilda/gobilda_ws/build/gobilda_robot': /usr/bin/cmake --install /home/robot/gobilda/gobilda_ws/build/gobilda_robot
[8.013s] -- Install configuration: ""
[8.014s] -- Up-to-date: /home/robot/gobilda/gobilda_ws/install/gobilda_robot/share/gobilda_robot/gobilda_robot.xml
[8.014s] -- Up-to-date: /home/robot/gobilda/gobilda_ws/install/gobilda_robot/include/gobilda_robot
[8.014s] -- Up-to-date: /home/robot/gobilda/gobilda_ws/install/gobilda_robot/include/gobilda_robot/gobilda_robot
[8.015s] -- Up-to-date: /home/robot/gobilda/gobilda_ws/install/gobilda_robot/include/gobilda_robot/gobilda_robot/gobilda_system.hpp
[8.015s] -- Up-to-date: /home/robot/gobilda/gobilda_ws/install/gobilda_robot/include/gobilda_robot/gobilda_robot/motor.hpp
[8.015s] -- Up-to-date: /home/robot/gobilda/gobilda_ws/install/gobilda_robot/share/gobilda_robot/ros2_control
[8.015s] -- Up-to-date: /home/robot/gobilda/gobilda_ws/install/gobilda_robot/share/gobilda_robot/ros2_control/gobilda.ros2_control.xacro
[8.016s] -- Up-to-date: /home/robot/gobilda/gobilda_ws/install/gobilda_robot/share/gobilda_robot/urdf
[8.016s] -- Up-to-date: /home/robot/gobilda/gobilda_ws/install/gobilda_robot/share/gobilda_robot/urdf/gobilda.urdf.xacro
[8.016s] -- Up-to-date: /home/robot/gobilda/gobilda_ws/install/gobilda_robot/share/gobilda_robot/urdf/gobilda_description.urdf.xacro
[8.016s] -- Up-to-date: /home/robot/gobilda/gobilda_ws/install/gobilda_robot/share/gobilda_robot/launch
[8.016s] -- Up-to-date: /home/robot/gobilda/gobilda_ws/install/gobilda_robot/share/gobilda_robot/launch/gobilda.launch.py
[8.016s] -- Up-to-date: /home/robot/gobilda/gobilda_ws/install/gobilda_robot/share/gobilda_robot/config
[8.017s] -- Up-to-date: /home/robot/gobilda/gobilda_ws/install/gobilda_robot/share/gobilda_robot/config/gobilda_controllers.yaml
[8.017s] -- Installing: /home/robot/gobilda/gobilda_ws/install/gobilda_robot/lib/libgobilda_robot.so
[8.017s] -- Set runtime path of "/home/robot/gobilda/gobilda_ws/install/gobilda_robot/lib/libgobilda_robot.so" to ""
[8.018s] -- Up-to-date: /home/robot/gobilda/gobilda_ws/install/gobilda_robot/share/gobilda_robot/environment/library_path.sh
[8.018s] -- Up-to-date: /home/robot/gobilda/gobilda_ws/install/gobilda_robot/share/gobilda_robot/environment/library_path.dsv
[8.018s] -- Up-to-date: /home/robot/gobilda/gobilda_ws/install/gobilda_robot/share/ament_index/resource_index/package_run_dependencies/gobilda_robot
[8.019s] -- Up-to-date: /home/robot/gobilda/gobilda_ws/install/gobilda_robot/share/ament_index/resource_index/parent_prefix_path/gobilda_robot
[8.019s] -- Up-to-date: /home/robot/gobilda/gobilda_ws/install/gobilda_robot/share/gobilda_robot/environment/ament_prefix_path.sh
[8.019s] -- Up-to-date: /home/robot/gobilda/gobilda_ws/install/gobilda_robot/share/gobilda_robot/environment/ament_prefix_path.dsv
[8.019s] -- Up-to-date: /home/robot/gobilda/gobilda_ws/install/gobilda_robot/share/gobilda_robot/environment/path.sh
[8.020s] -- Up-to-date: /home/robot/gobilda/gobilda_ws/install/gobilda_robot/share/gobilda_robot/environment/path.dsv
[8.020s] -- Up-to-date: /home/robot/gobilda/gobilda_ws/install/gobilda_robot/share/gobilda_robot/local_setup.bash
[8.020s] -- Up-to-date: /home/robot/gobilda/gobilda_ws/install/gobilda_robot/share/gobilda_robot/local_setup.sh
[8.021s] -- Up-to-date: /home/robot/gobilda/gobilda_ws/install/gobilda_robot/share/gobilda_robot/local_setup.zsh
[8.021s] -- Up-to-date: /home/robot/gobilda/gobilda_ws/install/gobilda_robot/share/gobilda_robot/local_setup.dsv
[8.021s] -- Installing: /home/robot/gobilda/gobilda_ws/install/gobilda_robot/share/gobilda_robot/package.dsv
[8.021s] -- Up-to-date: /home/robot/gobilda/gobilda_ws/install/gobilda_robot/share/ament_index/resource_index/packages/gobilda_robot
[8.021s] -- Up-to-date: /home/robot/gobilda/gobilda_ws/install/gobilda_robot/share/ament_index/resource_index/hardware_interface__pluginlib__plugin/gobilda_robot
[8.021s] -- Up-to-date: /home/robot/gobilda/gobilda_ws/install/gobilda_robot/share/gobilda_robot/cmake/export_gobilda_robotExport.cmake
[8.021s] -- Up-to-date: /home/robot/gobilda/gobilda_ws/install/gobilda_robot/share/gobilda_robot/cmake/export_gobilda_robotExport-noconfig.cmake
[8.022s] -- Up-to-date: /home/robot/gobilda/gobilda_ws/install/gobilda_robot/share/gobilda_robot/cmake/ament_cmake_export_targets-extras.cmake
[8.022s] -- Up-to-date: /home/robot/gobilda/gobilda_ws/install/gobilda_robot/share/gobilda_robot/cmake/ament_cmake_export_dependencies-extras.cmake
[8.022s] -- Up-to-date: /home/robot/gobilda/gobilda_ws/install/gobilda_robot/share/gobilda_robot/cmake/gobilda_robotConfig.cmake
[8.022s] -- Up-to-date: /home/robot/gobilda/gobilda_ws/install/gobilda_robot/share/gobilda_robot/cmake/gobilda_robotConfig-version.cmake
[8.022s] -- Up-to-date: /home/robot/gobilda/gobilda_ws/install/gobilda_robot/share/gobilda_robot/package.xml
[8.026s] Invoked command in '/home/robot/gobilda/gobilda_ws/build/gobilda_robot' returned '0': /usr/bin/cmake --install /home/robot/gobilda/gobilda_ws/build/gobilda_robot
