[1.444s] Invoking command in '/home/robot/gobilda/gobilda_ws/src/final_project': PYTHONPATH=/home/robot/gobilda/gobilda_ws/build/final_project/prefix_override:/usr/lib/python3/dist-packages/colcon_core/task/python/colcon_distutils_commands:/home/robot/gobilda/gobilda_ws/install/final_project/lib/python3.10/site-packages:${PYTHONPATH} /usr/bin/python3 -W ignore:setup.py install is deprecated setup.py egg_info --egg-base ../../build/final_project build --build-base /home/robot/gobilda/gobilda_ws/build/final_project/build install --record /home/robot/gobilda/gobilda_ws/build/final_project/install.log --single-version-externally-managed install_data
[1.960s] running egg_info
[1.961s] writing ../../build/final_project/final_project.egg-info/PKG-INFO
[1.963s] writing dependency_links to ../../build/final_project/final_project.egg-info/dependency_links.txt
[1.963s] writing entry points to ../../build/final_project/final_project.egg-info/entry_points.txt
[1.963s] writing requirements to ../../build/final_project/final_project.egg-info/requires.txt
[1.963s] writing top-level names to ../../build/final_project/final_project.egg-info/top_level.txt
[1.967s] reading manifest file '../../build/final_project/final_project.egg-info/SOURCES.txt'
[1.968s] writing manifest file '../../build/final_project/final_project.egg-info/SOURCES.txt'
[1.969s] running build
[1.969s] running build_py
[1.970s] copying final_project/teleop_twist_keyboard.py -> /home/robot/gobilda/gobilda_ws/build/final_project/build/lib/final_project
[1.970s] running install
[1.971s] running install_lib
[1.972s] copying /home/robot/gobilda/gobilda_ws/build/final_project/build/lib/final_project/teleop_twist_keyboard.py -> /home/robot/gobilda/gobilda_ws/install/final_project/lib/python3.10/site-packages/final_project
[1.974s] byte-compiling /home/robot/gobilda/gobilda_ws/install/final_project/lib/python3.10/site-packages/final_project/teleop_twist_keyboard.py to teleop_twist_keyboard.cpython-310.pyc
[1.975s] running install_data
[1.976s] running install_egg_info
[1.979s] removing '/home/robot/gobilda/gobilda_ws/install/final_project/lib/python3.10/site-packages/final_project-0.0.0-py3.10.egg-info' (and everything under it)
[1.980s] Copying ../../build/final_project/final_project.egg-info to /home/robot/gobilda/gobilda_ws/install/final_project/lib/python3.10/site-packages/final_project-0.0.0-py3.10.egg-info
[1.982s] running install_scripts
[2.027s] Installing teleop_gobilda script to /home/robot/gobilda/gobilda_ws/install/final_project/lib/final_project
[2.028s] writing list of installed files to '/home/robot/gobilda/gobilda_ws/build/final_project/install.log'
[2.103s] Invoked command in '/home/robot/gobilda/gobilda_ws/src/final_project' returned '0': PYTHONPATH=/home/robot/gobilda/gobilda_ws/build/final_project/prefix_override:/usr/lib/python3/dist-packages/colcon_core/task/python/colcon_distutils_commands:/home/robot/gobilda/gobilda_ws/install/final_project/lib/python3.10/site-packages:${PYTHONPATH} /usr/bin/python3 -W ignore:setup.py install is deprecated setup.py egg_info --egg-base ../../build/final_project build --build-base /home/robot/gobilda/gobilda_ws/build/final_project/build install --record /home/robot/gobilda/gobilda_ws/build/final_project/install.log --single-version-externally-managed install_data
