[0.438s] Invoking command in '/home/robot/gobilda/gobilda_ws/build/gobilda_robot': /usr/bin/cmake --build /home/robot/gobilda/gobilda_ws/build/gobilda_robot -- -j6 -l6
[0.528s] [35m[1mConsolidate compiler generated dependencies of target gobilda_robot[0m
[0.570s] [ 33%] [32mBuilding CXX object CMakeFiles/gobilda_robot.dir/hardware/src/motor.cpp.o[0m
[6.130s] [01m[K/home/robot/gobilda/gobilda_ws/src/gobilda_robot/hardware/src/motor.cpp:[m[K In member function ‘[01m[Kint gobilda_robot::Motor::convertVelocity(double)[m[K’:
[6.130s] [01m[K/home/robot/gobilda/gobilda_ws/src/gobilda_robot/hardware/src/motor.cpp:40:3:[m[K [01;35m[Kwarning: [m[Kthis ‘[01m[Kelse[m[K’ clause does not guard... [[01;35m[K]8;;https://gcc.gnu.org/onlinedocs/gcc/Warning-Options.html#index-Wmisleading-indentation-Wmisleading-indentation]8;;[m[K]
[6.130s]    40 |   [01;35m[Kelse[m[K rosMax = 60.0; rosMin = -60.0;
[6.131s]       |   [01;35m[K^~~~[m[K
[6.131s] [01m[K/home/robot/gobilda/gobilda_ws/src/gobilda_robot/hardware/src/motor.cpp:40:23:[m[K [01;36m[Knote: [m[K...this statement, but the latter is misleadingly indented as if it were guarded by the ‘[01m[Kelse[m[K’
[6.131s]    40 |   else rosMax = 60.0; [01;36m[KrosMin[m[K = -60.0;
[6.131s]       |                       [01;36m[K^~~~~~[m[K
[7.382s] [ 66%] [32m[1mLinking CXX shared library libgobilda_robot.so[0m
[7.732s] [100%] Built target gobilda_robot
[7.756s] Invoked command in '/home/robot/gobilda/gobilda_ws/build/gobilda_robot' returned '0': /usr/bin/cmake --build /home/robot/gobilda/gobilda_ws/build/gobilda_robot -- -j6 -l6
[7.826s] Invoking command in '/home/robot/gobilda/gobilda_ws/build/gobilda_robot': /usr/bin/cmake --install /home/robot/gobilda/gobilda_ws/build/gobilda_robot
[7.844s] -- Install configuration: ""
[7.845s] -- Up-to-date: /home/robot/gobilda/gobilda_ws/install/gobilda_robot/share/gobilda_robot/gobilda_robot.xml
[7.845s] -- Up-to-date: /home/robot/gobilda/gobilda_ws/install/gobilda_robot/include/gobilda_robot
[7.845s] -- Up-to-date: /home/robot/gobilda/gobilda_ws/install/gobilda_robot/include/gobilda_robot/gobilda_robot
[7.845s] -- Up-to-date: /home/robot/gobilda/gobilda_ws/install/gobilda_robot/include/gobilda_robot/gobilda_robot/gobilda_system.hpp
[7.846s] -- Up-to-date: /home/robot/gobilda/gobilda_ws/install/gobilda_robot/include/gobilda_robot/gobilda_robot/motor.hpp
[7.846s] -- Up-to-date: /home/robot/gobilda/gobilda_ws/install/gobilda_robot/share/gobilda_robot/ros2_control
[7.846s] -- Up-to-date: /home/robot/gobilda/gobilda_ws/install/gobilda_robot/share/gobilda_robot/ros2_control/gobilda.ros2_control.xacro
[7.846s] -- Up-to-date: /home/robot/gobilda/gobilda_ws/install/gobilda_robot/share/gobilda_robot/urdf
[7.846s] -- Up-to-date: /home/robot/gobilda/gobilda_ws/install/gobilda_robot/share/gobilda_robot/urdf/gobilda.urdf.xacro
[7.846s] -- Up-to-date: /home/robot/gobilda/gobilda_ws/install/gobilda_robot/share/gobilda_robot/urdf/gobilda_description.urdf.xacro
[7.847s] -- Up-to-date: /home/robot/gobilda/gobilda_ws/install/gobilda_robot/share/gobilda_robot/launch
[7.847s] -- Up-to-date: /home/robot/gobilda/gobilda_ws/install/gobilda_robot/share/gobilda_robot/launch/gobilda.launch.py
[7.847s] -- Up-to-date: /home/robot/gobilda/gobilda_ws/install/gobilda_robot/share/gobilda_robot/config
[7.847s] -- Up-to-date: /home/robot/gobilda/gobilda_ws/install/gobilda_robot/share/gobilda_robot/config/gobilda_controllers.yaml
[7.847s] -- Installing: /home/robot/gobilda/gobilda_ws/install/gobilda_robot/lib/libgobilda_robot.so
[7.849s] -- Set runtime path of "/home/robot/gobilda/gobilda_ws/install/gobilda_robot/lib/libgobilda_robot.so" to ""
[7.849s] -- Up-to-date: /home/robot/gobilda/gobilda_ws/install/gobilda_robot/share/gobilda_robot/environment/library_path.sh
[7.849s] -- Up-to-date: /home/robot/gobilda/gobilda_ws/install/gobilda_robot/share/gobilda_robot/environment/library_path.dsv
[7.849s] -- Up-to-date: /home/robot/gobilda/gobilda_ws/install/gobilda_robot/share/ament_index/resource_index/package_run_dependencies/gobilda_robot
[7.849s] -- Up-to-date: /home/robot/gobilda/gobilda_ws/install/gobilda_robot/share/ament_index/resource_index/parent_prefix_path/gobilda_robot
[7.850s] -- Up-to-date: /home/robot/gobilda/gobilda_ws/install/gobilda_robot/share/gobilda_robot/environment/ament_prefix_path.sh
[7.850s] -- Up-to-date: /home/robot/gobilda/gobilda_ws/install/gobilda_robot/share/gobilda_robot/environment/ament_prefix_path.dsv
[7.850s] -- Up-to-date: /home/robot/gobilda/gobilda_ws/install/gobilda_robot/share/gobilda_robot/environment/path.sh
[7.850s] -- Up-to-date: /home/robot/gobilda/gobilda_ws/install/gobilda_robot/share/gobilda_robot/environment/path.dsv
[7.850s] -- Up-to-date: /home/robot/gobilda/gobilda_ws/install/gobilda_robot/share/gobilda_robot/local_setup.bash
[7.851s] -- Up-to-date: /home/robot/gobilda/gobilda_ws/install/gobilda_robot/share/gobilda_robot/local_setup.sh
[7.851s] -- Up-to-date: /home/robot/gobilda/gobilda_ws/install/gobilda_robot/share/gobilda_robot/local_setup.zsh
[7.851s] -- Up-to-date: /home/robot/gobilda/gobilda_ws/install/gobilda_robot/share/gobilda_robot/local_setup.dsv
[7.851s] -- Installing: /home/robot/gobilda/gobilda_ws/install/gobilda_robot/share/gobilda_robot/package.dsv
[7.851s] -- Up-to-date: /home/robot/gobilda/gobilda_ws/install/gobilda_robot/share/ament_index/resource_index/packages/gobilda_robot
[7.851s] -- Up-to-date: /home/robot/gobilda/gobilda_ws/install/gobilda_robot/share/ament_index/resource_index/hardware_interface__pluginlib__plugin/gobilda_robot
[7.852s] -- Up-to-date: /home/robot/gobilda/gobilda_ws/install/gobilda_robot/share/gobilda_robot/cmake/export_gobilda_robotExport.cmake
[7.852s] -- Up-to-date: /home/robot/gobilda/gobilda_ws/install/gobilda_robot/share/gobilda_robot/cmake/export_gobilda_robotExport-noconfig.cmake
[7.852s] -- Up-to-date: /home/robot/gobilda/gobilda_ws/install/gobilda_robot/share/gobilda_robot/cmake/ament_cmake_export_targets-extras.cmake
[7.852s] -- Up-to-date: /home/robot/gobilda/gobilda_ws/install/gobilda_robot/share/gobilda_robot/cmake/ament_cmake_export_dependencies-extras.cmake
[7.852s] -- Up-to-date: /home/robot/gobilda/gobilda_ws/install/gobilda_robot/share/gobilda_robot/cmake/gobilda_robotConfig.cmake
[7.852s] -- Up-to-date: /home/robot/gobilda/gobilda_ws/install/gobilda_robot/share/gobilda_robot/cmake/gobilda_robotConfig-version.cmake
[7.853s] -- Up-to-date: /home/robot/gobilda/gobilda_ws/install/gobilda_robot/share/gobilda_robot/package.xml
[7.857s] Invoked command in '/home/robot/gobilda/gobilda_ws/build/gobilda_robot' returned '0': /usr/bin/cmake --install /home/robot/gobilda/gobilda_ws/build/gobilda_robot
